running develop
running egg_info
creating hw1.egg-info
writing hw1.egg-info/PKG-INFO
writing dependency_links to hw1.egg-info/dependency_links.txt
writing entry points to hw1.egg-info/entry_points.txt
writing requirements to hw1.egg-info/requires.txt
writing top-level names to hw1.egg-info/top_level.txt
writing manifest file 'hw1.egg-info/SOURCES.txt'
reading manifest file 'hw1.egg-info/SOURCES.txt'
writing manifest file 'hw1.egg-info/SOURCES.txt'
running build_ext
Creating /home/jaylon132435/ros2_ws/install/hw1/lib/python3.12/site-packages/hw1.egg-link (link to .)
Installing circle script to /home/jaylon132435/ros2_ws/install/hw1/lib/hw1
Installing listener script to /home/jaylon132435/ros2_ws/install/hw1/lib/hw1

Installed /home/jaylon132435/ros2_ws/build/hw1
running symlink_data
creating /home/jaylon132435/ros2_ws/install/hw1/share/ament_index
creating /home/jaylon132435/ros2_ws/install/hw1/share/ament_index/resource_index
creating /home/jaylon132435/ros2_ws/install/hw1/share/ament_index/resource_index/packages
symbolically linking /home/jaylon132435/ros2_ws/build/hw1/resource/hw1 -> /home/jaylon132435/ros2_ws/install/hw1/share/ament_index/resource_index/packages
symbolically linking /home/jaylon132435/ros2_ws/build/hw1/package.xml -> /home/jaylon132435/ros2_ws/install/hw1/share/hw1
