[0.023s] Invoking command in '/home/jaylon132435/ros2_ws/build/turtlesim_msgs': CMAKE_PREFIX_PATH=${CMAKE_PREFIX_PATH}:/opt/ros/rolling DEBUGINFOD_URLS=https://debuginfod.ubuntu.com /usr/bin/cmake --build /home/jaylon132435/ros2_ws/build/turtlesim_msgs -- -j4 -l4
[0.124s] [  1%] Built target turtlesim_msgs__rosidl_generator_type_description
[0.147s] [  1%] Built target ament_cmake_python_copy_turtlesim_msgs
[0.165s] [  1%] Built target turtlesim_msgs__cpp
[0.183s] [ 26%] Built target turtlesim_msgs__rosidl_generator_c
[0.251s] [ 36%] Built target turtlesim_msgs__rosidl_typesupport_fastrtps_c
[0.254s] [ 46%] Built target turtlesim_msgs__rosidl_typesupport_cpp
[0.255s] [ 55%] Built target turtlesim_msgs__rosidl_typesupport_fastrtps_cpp
[0.306s] [ 64%] Built target turtlesim_msgs__rosidl_typesupport_introspection_c
[0.321s] [ 83%] Built target turtlesim_msgs__rosidl_typesupport_introspection_cpp
[0.321s] [ 84%] Built target turtlesim_msgs__rosidl_typesupport_c
[0.358s] [ 84%] Built target turtlesim_msgs
[0.396s] [ 85%] Built target turtlesim_msgs__py
[0.453s] [ 94%] Built target turtlesim_msgs__rosidl_generator_py
[0.500s] [100%] Built target turtlesim_msgs_s__rosidl_typesupport_fastrtps_c
[0.500s] [100%] Built target turtlesim_msgs_s__rosidl_typesupport_introspection_c
[0.501s] [100%] Built target turtlesim_msgs_s__rosidl_typesupport_c
[0.539s] running egg_info
[0.566s] writing turtlesim_msgs.egg-info/PKG-INFO
[0.567s] writing dependency_links to turtlesim_msgs.egg-info/dependency_links.txt
[0.571s] writing top-level names to turtlesim_msgs.egg-info/top_level.txt
[0.656s] reading manifest file 'turtlesim_msgs.egg-info/SOURCES.txt'
[0.657s] writing manifest file 'turtlesim_msgs.egg-info/SOURCES.txt'
[0.729s] [100%] Built target ament_cmake_python_build_turtlesim_msgs_egg
[0.752s] Invoked command in '/home/jaylon132435/ros2_ws/build/turtlesim_msgs' returned '0': CMAKE_PREFIX_PATH=${CMAKE_PREFIX_PATH}:/opt/ros/rolling DEBUGINFOD_URLS=https://debuginfod.ubuntu.com /usr/bin/cmake --build /home/jaylon132435/ros2_ws/build/turtlesim_msgs -- -j4 -l4
[0.771s] Invoking command in '/home/jaylon132435/ros2_ws/build/turtlesim_msgs': CMAKE_PREFIX_PATH=${CMAKE_PREFIX_PATH}:/opt/ros/rolling DEBUGINFOD_URLS=https://debuginfod.ubuntu.com /usr/bin/cmake --install /home/jaylon132435/ros2_ws/build/turtlesim_msgs
[0.786s] -- Install configuration: ""
[0.787s] -- Up-to-date: /home/jaylon132435/ros2_ws/install/turtlesim_msgs/share/ament_index/resource_index/rosidl_interfaces/turtlesim_msgs
[0.787s] -- Up-to-date: /home/jaylon132435/ros2_ws/install/turtlesim_msgs/share/turtlesim_msgs/msg/Color.json
[0.787s] -- Up-to-date: /home/jaylon132435/ros2_ws/install/turtlesim_msgs/share/turtlesim_msgs/msg/Pose.json
[0.787s] -- Up-to-date: /home/jaylon132435/ros2_ws/install/turtlesim_msgs/share/turtlesim_msgs/action/RotateAbsolute.json
[0.787s] -- Up-to-date: /home/jaylon132435/ros2_ws/install/turtlesim_msgs/share/turtlesim_msgs/srv/Kill.json
[0.787s] -- Up-to-date: /home/jaylon132435/ros2_ws/install/turtlesim_msgs/share/turtlesim_msgs/srv/SetPen.json
[0.787s] -- Up-to-date: /home/jaylon132435/ros2_ws/install/turtlesim_msgs/share/turtlesim_msgs/srv/Spawn.json
[0.787s] -- Up-to-date: /home/jaylon132435/ros2_ws/install/turtlesim_msgs/share/turtlesim_msgs/srv/TeleportAbsolute.json
[0.787s] -- Up-to-date: /home/jaylon132435/ros2_ws/install/turtlesim_msgs/share/turtlesim_msgs/srv/TeleportRelative.json
[0.788s] -- Up-to-date: /home/jaylon132435/ros2_ws/install/turtlesim_msgs/include/turtlesim_msgs/turtlesim_msgs
[0.788s] -- Up-to-date: /home/jaylon132435/ros2_ws/install/turtlesim_msgs/include/turtlesim_msgs/turtlesim_msgs/srv
[0.788s] -- Up-to-date: /home/jaylon132435/ros2_ws/install/turtlesim_msgs/include/turtlesim_msgs/turtlesim_msgs/srv/teleport_absolute.h
[0.788s] -- Up-to-date: /home/jaylon132435/ros2_ws/install/turtlesim_msgs/include/turtlesim_msgs/turtlesim_msgs/srv/kill.h
[0.788s] -- Up-to-date: /home/jaylon132435/ros2_ws/install/turtlesim_msgs/include/turtlesim_msgs/turtlesim_msgs/srv/set_pen.h
[0.788s] -- Up-to-date: /home/jaylon132435/ros2_ws/install/turtlesim_msgs/include/turtlesim_msgs/turtlesim_msgs/srv/detail
[0.788s] -- Up-to-date: /home/jaylon132435/ros2_ws/install/turtlesim_msgs/include/turtlesim_msgs/turtlesim_msgs/srv/detail/teleport_absolute__struct.h
[0.788s] -- Up-to-date: /home/jaylon132435/ros2_ws/install/turtlesim_msgs/include/turtlesim_msgs/turtlesim_msgs/srv/detail/teleport_relative__functions.c
[0.788s] -- Up-to-date: /home/jaylon132435/ros2_ws/install/turtlesim_msgs/include/turtlesim_msgs/turtlesim_msgs/srv/detail/teleport_relative__description.c
[0.788s] -- Up-to-date: /home/jaylon132435/ros2_ws/install/turtlesim_msgs/include/turtlesim_msgs/turtlesim_msgs/srv/detail/kill__struct.h
[0.789s] -- Installing: /home/jaylon132435/ros2_ws/install/turtlesim_msgs/include/turtlesim_msgs/turtlesim_msgs/srv/detail/teleport_absolute__type_support.c
[0.789s] -- Up-to-date: /home/jaylon132435/ros2_ws/install/turtlesim_msgs/include/turtlesim_msgs/turtlesim_msgs/srv/detail/set_pen__description.c
[0.789s] -- Up-to-date: /home/jaylon132435/ros2_ws/install/turtlesim_msgs/include/turtlesim_msgs/turtlesim_msgs/srv/detail/spawn__type_support.h
[0.789s] -- Up-to-date: /home/jaylon132435/ros2_ws/install/turtlesim_msgs/include/turtlesim_msgs/turtlesim_msgs/srv/detail/kill__functions.h
[0.789s] -- Up-to-date: /home/jaylon132435/ros2_ws/install/turtlesim_msgs/include/turtlesim_msgs/turtlesim_msgs/srv/detail/teleport_absolute__type_support.h
[0.789s] -- Up-to-date: /home/jaylon132435/ros2_ws/install/turtlesim_msgs/include/turtlesim_msgs/turtlesim_msgs/srv/detail/set_pen__functions.h
[0.789s] -- Installing: /home/jaylon132435/ros2_ws/install/turtlesim_msgs/include/turtlesim_msgs/turtlesim_msgs/srv/detail/set_pen__type_support.c
[0.789s] -- Up-to-date: /home/jaylon132435/ros2_ws/install/turtlesim_msgs/include/turtlesim_msgs/turtlesim_msgs/srv/detail/kill__type_support.h
[0.789s] -- Up-to-date: /home/jaylon132435/ros2_ws/install/turtlesim_msgs/include/turtlesim_msgs/turtlesim_msgs/srv/detail/teleport_absolute__functions.c
[0.790s] -- Installing: /home/jaylon132435/ros2_ws/install/turtlesim_msgs/include/turtlesim_msgs/turtlesim_msgs/srv/detail/kill__type_support.c
[0.790s] -- Up-to-date: /home/jaylon132435/ros2_ws/install/turtlesim_msgs/include/turtlesim_msgs/turtlesim_msgs/srv/detail/spawn__struct.h
[0.790s] -- Installing: /home/jaylon132435/ros2_ws/install/turtlesim_msgs/include/turtlesim_msgs/turtlesim_msgs/srv/detail/spawn__type_support.c
[0.790s] -- Up-to-date: /home/jaylon132435/ros2_ws/install/turtlesim_msgs/include/turtlesim_msgs/turtlesim_msgs/srv/detail/spawn__functions.h
[0.790s] -- Up-to-date: /home/jaylon132435/ros2_ws/install/turtlesim_msgs/include/turtlesim_msgs/turtlesim_msgs/srv/detail/set_pen__functions.c
[0.790s] -- Up-to-date: /home/jaylon132435/ros2_ws/install/turtlesim_msgs/include/turtlesim_msgs/turtlesim_msgs/srv/detail/teleport_relative__functions.h
[0.790s] -- Up-to-date: /home/jaylon132435/ros2_ws/install/turtlesim_msgs/include/turtlesim_msgs/turtlesim_msgs/srv/detail/spawn__functions.c
[0.790s] -- Up-to-date: /home/jaylon132435/ros2_ws/install/turtlesim_msgs/include/turtlesim_msgs/turtlesim_msgs/srv/detail/teleport_absolute__functions.h
[0.790s] -- Up-to-date: /home/jaylon132435/ros2_ws/install/turtlesim_msgs/include/turtlesim_msgs/turtlesim_msgs/srv/detail/set_pen__type_support.h
[0.790s] -- Up-to-date: /home/jaylon132435/ros2_ws/install/turtlesim_msgs/include/turtlesim_msgs/turtlesim_msgs/srv/detail/teleport_relative__struct.h
[0.791s] -- Installing: /home/jaylon132435/ros2_ws/install/turtlesim_msgs/include/turtlesim_msgs/turtlesim_msgs/srv/detail/teleport_relative__type_support.c
[0.791s] -- Up-to-date: /home/jaylon132435/ros2_ws/install/turtlesim_msgs/include/turtlesim_msgs/turtlesim_msgs/srv/detail/spawn__description.c
[0.791s] -- Up-to-date: /home/jaylon132435/ros2_ws/install/turtlesim_msgs/include/turtlesim_msgs/turtlesim_msgs/srv/detail/teleport_absolute__description.c
[0.791s] -- Up-to-date: /home/jaylon132435/ros2_ws/install/turtlesim_msgs/include/turtlesim_msgs/turtlesim_msgs/srv/detail/teleport_relative__type_support.h
[0.791s] -- Up-to-date: /home/jaylon132435/ros2_ws/install/turtlesim_msgs/include/turtlesim_msgs/turtlesim_msgs/srv/detail/kill__description.c
[0.791s] -- Up-to-date: /home/jaylon132435/ros2_ws/install/turtlesim_msgs/include/turtlesim_msgs/turtlesim_msgs/srv/detail/kill__functions.c
[0.791s] -- Up-to-date: /home/jaylon132435/ros2_ws/install/turtlesim_msgs/include/turtlesim_msgs/turtlesim_msgs/srv/detail/set_pen__struct.h
[0.791s] -- Up-to-date: /home/jaylon132435/ros2_ws/install/turtlesim_msgs/include/turtlesim_msgs/turtlesim_msgs/srv/teleport_relative.h
[0.791s] -- Up-to-date: /home/jaylon132435/ros2_ws/install/turtlesim_msgs/include/turtlesim_msgs/turtlesim_msgs/srv/spawn.h
[0.791s] -- Up-to-date: /home/jaylon132435/ros2_ws/install/turtlesim_msgs/include/turtlesim_msgs/turtlesim_msgs/action
[0.791s] -- Up-to-date: /home/jaylon132435/ros2_ws/install/turtlesim_msgs/include/turtlesim_msgs/turtlesim_msgs/action/rotate_absolute.h
[0.792s] -- Up-to-date: /home/jaylon132435/ros2_ws/install/turtlesim_msgs/include/turtlesim_msgs/turtlesim_msgs/action/detail
[0.792s] -- Up-to-date: /home/jaylon132435/ros2_ws/install/turtlesim_msgs/include/turtlesim_msgs/turtlesim_msgs/action/detail/rotate_absolute__type_support.h
[0.792s] -- Up-to-date: /home/jaylon132435/ros2_ws/install/turtlesim_msgs/include/turtlesim_msgs/turtlesim_msgs/action/detail/rotate_absolute__functions.h
[0.792s] -- Installing: /home/jaylon132435/ros2_ws/install/turtlesim_msgs/include/turtlesim_msgs/turtlesim_msgs/action/detail/rotate_absolute__type_support.c
[0.792s] -- Up-to-date: /home/jaylon132435/ros2_ws/install/turtlesim_msgs/include/turtlesim_msgs/turtlesim_msgs/action/detail/rotate_absolute__description.c
[0.792s] -- Up-to-date: /home/jaylon132435/ros2_ws/install/turtlesim_msgs/include/turtlesim_msgs/turtlesim_msgs/action/detail/rotate_absolute__functions.c
[0.792s] -- Up-to-date: /home/jaylon132435/ros2_ws/install/turtlesim_msgs/include/turtlesim_msgs/turtlesim_msgs/action/detail/rotate_absolute__struct.h
[0.792s] -- Up-to-date: /home/jaylon132435/ros2_ws/install/turtlesim_msgs/include/turtlesim_msgs/turtlesim_msgs/msg
[0.792s] -- Up-to-date: /home/jaylon132435/ros2_ws/install/turtlesim_msgs/include/turtlesim_msgs/turtlesim_msgs/msg/pose.h
[0.792s] -- Up-to-date: /home/jaylon132435/ros2_ws/install/turtlesim_msgs/include/turtlesim_msgs/turtlesim_msgs/msg/color.h
[0.792s] -- Up-to-date: /home/jaylon132435/ros2_ws/install/turtlesim_msgs/include/turtlesim_msgs/turtlesim_msgs/msg/rosidl_generator_c__visibility_control.h
[0.793s] -- Up-to-date: /home/jaylon132435/ros2_ws/install/turtlesim_msgs/include/turtlesim_msgs/turtlesim_msgs/msg/detail
[0.793s] -- Up-to-date: /home/jaylon132435/ros2_ws/install/turtlesim_msgs/include/turtlesim_msgs/turtlesim_msgs/msg/detail/color__functions.h
[0.793s] -- Up-to-date: /home/jaylon132435/ros2_ws/install/turtlesim_msgs/include/turtlesim_msgs/turtlesim_msgs/msg/detail/pose__type_support.h
[0.793s] -- Up-to-date: /home/jaylon132435/ros2_ws/install/turtlesim_msgs/include/turtlesim_msgs/turtlesim_msgs/msg/detail/color__type_support.h
[0.793s] -- Up-to-date: /home/jaylon132435/ros2_ws/install/turtlesim_msgs/include/turtlesim_msgs/turtlesim_msgs/msg/detail/pose__struct.h
[0.793s] -- Up-to-date: /home/jaylon132435/ros2_ws/install/turtlesim_msgs/include/turtlesim_msgs/turtlesim_msgs/msg/detail/pose__description.c
[0.793s] -- Installing: /home/jaylon132435/ros2_ws/install/turtlesim_msgs/include/turtlesim_msgs/turtlesim_msgs/msg/detail/color__type_support.c
[0.793s] -- Up-to-date: /home/jaylon132435/ros2_ws/install/turtlesim_msgs/include/turtlesim_msgs/turtlesim_msgs/msg/detail/color__description.c
[0.793s] -- Installing: /home/jaylon132435/ros2_ws/install/turtlesim_msgs/include/turtlesim_msgs/turtlesim_msgs/msg/detail/pose__type_support.c
[0.793s] -- Up-to-date: /home/jaylon132435/ros2_ws/install/turtlesim_msgs/include/turtlesim_msgs/turtlesim_msgs/msg/detail/color__struct.h
[0.793s] -- Up-to-date: /home/jaylon132435/ros2_ws/install/turtlesim_msgs/include/turtlesim_msgs/turtlesim_msgs/msg/detail/pose__functions.h
[0.793s] -- Up-to-date: /home/jaylon132435/ros2_ws/install/turtlesim_msgs/include/turtlesim_msgs/turtlesim_msgs/msg/detail/pose__functions.c
[0.794s] -- Up-to-date: /home/jaylon132435/ros2_ws/install/turtlesim_msgs/include/turtlesim_msgs/turtlesim_msgs/msg/detail/color__functions.c
[0.794s] -- Up-to-date: /home/jaylon132435/ros2_ws/install/turtlesim_msgs/share/turtlesim_msgs/environment/library_path.sh
[0.794s] -- Up-to-date: /home/jaylon132435/ros2_ws/install/turtlesim_msgs/share/turtlesim_msgs/environment/library_path.dsv
[0.794s] -- Up-to-date: /home/jaylon132435/ros2_ws/install/turtlesim_msgs/lib/libturtlesim_msgs__rosidl_generator_c.so
[0.794s] -- Up-to-date: /home/jaylon132435/ros2_ws/install/turtlesim_msgs/include/turtlesim_msgs/turtlesim_msgs
[0.794s] -- Up-to-date: /home/jaylon132435/ros2_ws/install/turtlesim_msgs/include/turtlesim_msgs/turtlesim_msgs/srv
[0.794s] -- Up-to-date: /home/jaylon132435/ros2_ws/install/turtlesim_msgs/include/turtlesim_msgs/turtlesim_msgs/srv/detail
[0.794s] -- Up-to-date: /home/jaylon132435/ros2_ws/install/turtlesim_msgs/include/turtlesim_msgs/turtlesim_msgs/srv/detail/teleport_absolute__rosidl_typesupport_fastrtps_c.h
[0.794s] -- Up-to-date: /home/jaylon132435/ros2_ws/install/turtlesim_msgs/include/turtlesim_msgs/turtlesim_msgs/srv/detail/set_pen__rosidl_typesupport_fastrtps_c.h
[0.795s] -- Up-to-date: /home/jaylon132435/ros2_ws/install/turtlesim_msgs/include/turtlesim_msgs/turtlesim_msgs/srv/detail/kill__rosidl_typesupport_fastrtps_c.h
[0.795s] -- Up-to-date: /home/jaylon132435/ros2_ws/install/turtlesim_msgs/include/turtlesim_msgs/turtlesim_msgs/srv/detail/spawn__rosidl_typesupport_fastrtps_c.h
[0.795s] -- Up-to-date: /home/jaylon132435/ros2_ws/install/turtlesim_msgs/include/turtlesim_msgs/turtlesim_msgs/srv/detail/teleport_relative__rosidl_typesupport_fastrtps_c.h
[0.795s] -- Up-to-date: /home/jaylon132435/ros2_ws/install/turtlesim_msgs/include/turtlesim_msgs/turtlesim_msgs/action
[0.795s] -- Up-to-date: /home/jaylon132435/ros2_ws/install/turtlesim_msgs/include/turtlesim_msgs/turtlesim_msgs/action/detail
[0.795s] -- Up-to-date: /home/jaylon132435/ros2_ws/install/turtlesim_msgs/include/turtlesim_msgs/turtlesim_msgs/action/detail/rotate_absolute__rosidl_typesupport_fastrtps_c.h
[0.795s] -- Up-to-date: /home/jaylon132435/ros2_ws/install/turtlesim_msgs/include/turtlesim_msgs/turtlesim_msgs/msg
[0.795s] -- Up-to-date: /home/jaylon132435/ros2_ws/install/turtlesim_msgs/include/turtlesim_msgs/turtlesim_msgs/msg/rosidl_typesupport_fastrtps_c__visibility_control.h
[0.795s] -- Up-to-date: /home/jaylon132435/ros2_ws/install/turtlesim_msgs/include/turtlesim_msgs/turtlesim_msgs/msg/detail
[0.795s] -- Up-to-date: /home/jaylon132435/ros2_ws/install/turtlesim_msgs/include/turtlesim_msgs/turtlesim_msgs/msg/detail/pose__rosidl_typesupport_fastrtps_c.h
[0.795s] -- Up-to-date: /home/jaylon132435/ros2_ws/install/turtlesim_msgs/include/turtlesim_msgs/turtlesim_msgs/msg/detail/color__rosidl_typesupport_fastrtps_c.h
[0.795s] -- Up-to-date: /home/jaylon132435/ros2_ws/install/turtlesim_msgs/lib/libturtlesim_msgs__rosidl_typesupport_fastrtps_c.so
[0.796s] -- Up-to-date: /home/jaylon132435/ros2_ws/install/turtlesim_msgs/include/turtlesim_msgs/turtlesim_msgs
[0.796s] -- Up-to-date: /home/jaylon132435/ros2_ws/install/turtlesim_msgs/include/turtlesim_msgs/turtlesim_msgs/srv
[0.796s] -- Up-to-date: /home/jaylon132435/ros2_ws/install/turtlesim_msgs/include/turtlesim_msgs/turtlesim_msgs/srv/kill.hpp
[0.796s] -- Up-to-date: /home/jaylon132435/ros2_ws/install/turtlesim_msgs/include/turtlesim_msgs/turtlesim_msgs/srv/teleport_absolute.hpp
[0.796s] -- Up-to-date: /home/jaylon132435/ros2_ws/install/turtlesim_msgs/include/turtlesim_msgs/turtlesim_msgs/srv/spawn.hpp
[0.796s] -- Up-to-date: /home/jaylon132435/ros2_ws/install/turtlesim_msgs/include/turtlesim_msgs/turtlesim_msgs/srv/set_pen.hpp
[0.796s] -- Up-to-date: /home/jaylon132435/ros2_ws/install/turtlesim_msgs/include/turtlesim_msgs/turtlesim_msgs/srv/teleport_relative.hpp
[0.796s] -- Up-to-date: /home/jaylon132435/ros2_ws/install/turtlesim_msgs/include/turtlesim_msgs/turtlesim_msgs/srv/detail
[0.796s] -- Up-to-date: /home/jaylon132435/ros2_ws/install/turtlesim_msgs/include/turtlesim_msgs/turtlesim_msgs/srv/detail/set_pen__builder.hpp
[0.796s] -- Up-to-date: /home/jaylon132435/ros2_ws/install/turtlesim_msgs/include/turtlesim_msgs/turtlesim_msgs/srv/detail/kill__type_support.hpp
[0.796s] -- Up-to-date: /home/jaylon132435/ros2_ws/install/turtlesim_msgs/include/turtlesim_msgs/turtlesim_msgs/srv/detail/spawn__type_support.hpp
[0.797s] -- Up-to-date: /home/jaylon132435/ros2_ws/install/turtlesim_msgs/include/turtlesim_msgs/turtlesim_msgs/srv/detail/teleport_absolute__traits.hpp
[0.797s] -- Up-to-date: /home/jaylon132435/ros2_ws/install/turtlesim_msgs/include/turtlesim_msgs/turtlesim_msgs/srv/detail/set_pen__type_support.hpp
[0.797s] -- Up-to-date: /home/jaylon132435/ros2_ws/install/turtlesim_msgs/include/turtlesim_msgs/turtlesim_msgs/srv/detail/spawn__traits.hpp
[0.797s] -- Up-to-date: /home/jaylon132435/ros2_ws/install/turtlesim_msgs/include/turtlesim_msgs/turtlesim_msgs/srv/detail/spawn__struct.hpp
[0.797s] -- Up-to-date: /home/jaylon132435/ros2_ws/install/turtlesim_msgs/include/turtlesim_msgs/turtlesim_msgs/srv/detail/set_pen__traits.hpp
[0.797s] -- Up-to-date: /home/jaylon132435/ros2_ws/install/turtlesim_msgs/include/turtlesim_msgs/turtlesim_msgs/srv/detail/set_pen__struct.hpp
[0.797s] -- Up-to-date: /home/jaylon132435/ros2_ws/install/turtlesim_msgs/include/turtlesim_msgs/turtlesim_msgs/srv/detail/teleport_relative__type_support.hpp
[0.797s] -- Up-to-date: /home/jaylon132435/ros2_ws/install/turtlesim_msgs/include/turtlesim_msgs/turtlesim_msgs/srv/detail/teleport_absolute__struct.hpp
[0.797s] -- Up-to-date: /home/jaylon132435/ros2_ws/install/turtlesim_msgs/include/turtlesim_msgs/turtlesim_msgs/srv/detail/kill__builder.hpp
[0.797s] -- Up-to-date: /home/jaylon132435/ros2_ws/install/turtlesim_msgs/include/turtlesim_msgs/turtlesim_msgs/srv/detail/spawn__builder.hpp
[0.797s] -- Up-to-date: /home/jaylon132435/ros2_ws/install/turtlesim_msgs/include/turtlesim_msgs/turtlesim_msgs/srv/detail/teleport_relative__struct.hpp
[0.797s] -- Up-to-date: /home/jaylon132435/ros2_ws/install/turtlesim_msgs/include/turtlesim_msgs/turtlesim_msgs/srv/detail/teleport_relative__builder.hpp
[0.798s] -- Up-to-date: /home/jaylon132435/ros2_ws/install/turtlesim_msgs/include/turtlesim_msgs/turtlesim_msgs/srv/detail/teleport_relative__traits.hpp
[0.798s] -- Up-to-date: /home/jaylon132435/ros2_ws/install/turtlesim_msgs/include/turtlesim_msgs/turtlesim_msgs/srv/detail/kill__traits.hpp
[0.798s] -- Up-to-date: /home/jaylon132435/ros2_ws/install/turtlesim_msgs/include/turtlesim_msgs/turtlesim_msgs/srv/detail/teleport_absolute__builder.hpp
[0.798s] -- Up-to-date: /home/jaylon132435/ros2_ws/install/turtlesim_msgs/include/turtlesim_msgs/turtlesim_msgs/srv/detail/kill__struct.hpp
[0.798s] -- Up-to-date: /home/jaylon132435/ros2_ws/install/turtlesim_msgs/include/turtlesim_msgs/turtlesim_msgs/srv/detail/teleport_absolute__type_support.hpp
[0.798s] -- Up-to-date: /home/jaylon132435/ros2_ws/install/turtlesim_msgs/include/turtlesim_msgs/turtlesim_msgs/action
[0.798s] -- Up-to-date: /home/jaylon132435/ros2_ws/install/turtlesim_msgs/include/turtlesim_msgs/turtlesim_msgs/action/rotate_absolute.hpp
[0.798s] -- Up-to-date: /home/jaylon132435/ros2_ws/install/turtlesim_msgs/include/turtlesim_msgs/turtlesim_msgs/action/detail
[0.798s] -- Up-to-date: /home/jaylon132435/ros2_ws/install/turtlesim_msgs/include/turtlesim_msgs/turtlesim_msgs/action/detail/rotate_absolute__type_support.hpp
[0.798s] -- Up-to-date: /home/jaylon132435/ros2_ws/install/turtlesim_msgs/include/turtlesim_msgs/turtlesim_msgs/action/detail/rotate_absolute__struct.hpp
[0.798s] -- Up-to-date: /home/jaylon132435/ros2_ws/install/turtlesim_msgs/include/turtlesim_msgs/turtlesim_msgs/action/detail/rotate_absolute__traits.hpp
[0.799s] -- Up-to-date: /home/jaylon132435/ros2_ws/install/turtlesim_msgs/include/turtlesim_msgs/turtlesim_msgs/action/detail/rotate_absolute__builder.hpp
[0.799s] -- Up-to-date: /home/jaylon132435/ros2_ws/install/turtlesim_msgs/include/turtlesim_msgs/turtlesim_msgs/msg
[0.799s] -- Up-to-date: /home/jaylon132435/ros2_ws/install/turtlesim_msgs/include/turtlesim_msgs/turtlesim_msgs/msg/rosidl_generator_cpp__visibility_control.hpp
[0.799s] -- Up-to-date: /home/jaylon132435/ros2_ws/install/turtlesim_msgs/include/turtlesim_msgs/turtlesim_msgs/msg/color.hpp
[0.799s] -- Up-to-date: /home/jaylon132435/ros2_ws/install/turtlesim_msgs/include/turtlesim_msgs/turtlesim_msgs/msg/pose.hpp
[0.799s] -- Up-to-date: /home/jaylon132435/ros2_ws/install/turtlesim_msgs/include/turtlesim_msgs/turtlesim_msgs/msg/detail
[0.799s] -- Up-to-date: /home/jaylon132435/ros2_ws/install/turtlesim_msgs/include/turtlesim_msgs/turtlesim_msgs/msg/detail/pose__builder.hpp
[0.799s] -- Up-to-date: /home/jaylon132435/ros2_ws/install/turtlesim_msgs/include/turtlesim_msgs/turtlesim_msgs/msg/detail/pose__traits.hpp
[0.799s] -- Up-to-date: /home/jaylon132435/ros2_ws/install/turtlesim_msgs/include/turtlesim_msgs/turtlesim_msgs/msg/detail/pose__type_support.hpp
[0.799s] -- Up-to-date: /home/jaylon132435/ros2_ws/install/turtlesim_msgs/include/turtlesim_msgs/turtlesim_msgs/msg/detail/pose__struct.hpp
[0.799s] -- Up-to-date: /home/jaylon132435/ros2_ws/install/turtlesim_msgs/include/turtlesim_msgs/turtlesim_msgs/msg/detail/color__struct.hpp
[0.800s] -- Up-to-date: /home/jaylon132435/ros2_ws/install/turtlesim_msgs/include/turtlesim_msgs/turtlesim_msgs/msg/detail/color__traits.hpp
[0.800s] -- Up-to-date: /home/jaylon132435/ros2_ws/install/turtlesim_msgs/include/turtlesim_msgs/turtlesim_msgs/msg/detail/color__builder.hpp
[0.800s] -- Up-to-date: /home/jaylon132435/ros2_ws/install/turtlesim_msgs/include/turtlesim_msgs/turtlesim_msgs/msg/detail/color__type_support.hpp
[0.800s] -- Up-to-date: /home/jaylon132435/ros2_ws/install/turtlesim_msgs/include/turtlesim_msgs/turtlesim_msgs
[0.800s] -- Up-to-date: /home/jaylon132435/ros2_ws/install/turtlesim_msgs/include/turtlesim_msgs/turtlesim_msgs/srv
[0.800s] -- Up-to-date: /home/jaylon132435/ros2_ws/install/turtlesim_msgs/include/turtlesim_msgs/turtlesim_msgs/srv/detail
[0.800s] -- Up-to-date: /home/jaylon132435/ros2_ws/install/turtlesim_msgs/include/turtlesim_msgs/turtlesim_msgs/srv/detail/spawn__rosidl_typesupport_fastrtps_cpp.hpp
[0.800s] -- Up-to-date: /home/jaylon132435/ros2_ws/install/turtlesim_msgs/include/turtlesim_msgs/turtlesim_msgs/srv/detail/set_pen__rosidl_typesupport_fastrtps_cpp.hpp
[0.801s] -- Up-to-date: /home/jaylon132435/ros2_ws/install/turtlesim_msgs/include/turtlesim_msgs/turtlesim_msgs/srv/detail/kill__rosidl_typesupport_fastrtps_cpp.hpp
[0.801s] -- Up-to-date: /home/jaylon132435/ros2_ws/install/turtlesim_msgs/include/turtlesim_msgs/turtlesim_msgs/srv/detail/dds_fastrtps
[0.801s] -- Up-to-date: /home/jaylon132435/ros2_ws/install/turtlesim_msgs/include/turtlesim_msgs/turtlesim_msgs/srv/detail/teleport_relative__rosidl_typesupport_fastrtps_cpp.hpp
[0.801s] -- Up-to-date: /home/jaylon132435/ros2_ws/install/turtlesim_msgs/include/turtlesim_msgs/turtlesim_msgs/srv/detail/teleport_absolute__rosidl_typesupport_fastrtps_cpp.hpp
[0.801s] -- Up-to-date: /home/jaylon132435/ros2_ws/install/turtlesim_msgs/include/turtlesim_msgs/turtlesim_msgs/action
[0.802s] -- Up-to-date: /home/jaylon132435/ros2_ws/install/turtlesim_msgs/include/turtlesim_msgs/turtlesim_msgs/action/detail
[0.802s] -- Up-to-date: /home/jaylon132435/ros2_ws/install/turtlesim_msgs/include/turtlesim_msgs/turtlesim_msgs/action/detail/rotate_absolute__rosidl_typesupport_fastrtps_cpp.hpp
[0.802s] -- Up-to-date: /home/jaylon132435/ros2_ws/install/turtlesim_msgs/include/turtlesim_msgs/turtlesim_msgs/action/detail/dds_fastrtps
[0.803s] -- Up-to-date: /home/jaylon132435/ros2_ws/install/turtlesim_msgs/include/turtlesim_msgs/turtlesim_msgs/msg
[0.803s] -- Up-to-date: /home/jaylon132435/ros2_ws/install/turtlesim_msgs/include/turtlesim_msgs/turtlesim_msgs/msg/rosidl_typesupport_fastrtps_cpp__visibility_control.h
[0.803s] -- Up-to-date: /home/jaylon132435/ros2_ws/install/turtlesim_msgs/include/turtlesim_msgs/turtlesim_msgs/msg/detail
[0.803s] -- Up-to-date: /home/jaylon132435/ros2_ws/install/turtlesim_msgs/include/turtlesim_msgs/turtlesim_msgs/msg/detail/color__rosidl_typesupport_fastrtps_cpp.hpp
[0.803s] -- Up-to-date: /home/jaylon132435/ros2_ws/install/turtlesim_msgs/include/turtlesim_msgs/turtlesim_msgs/msg/detail/dds_fastrtps
[0.803s] -- Up-to-date: /home/jaylon132435/ros2_ws/install/turtlesim_msgs/include/turtlesim_msgs/turtlesim_msgs/msg/detail/pose__rosidl_typesupport_fastrtps_cpp.hpp
[0.803s] -- Up-to-date: /home/jaylon132435/ros2_ws/install/turtlesim_msgs/lib/libturtlesim_msgs__rosidl_typesupport_fastrtps_cpp.so
[0.803s] -- Up-to-date: /home/jaylon132435/ros2_ws/install/turtlesim_msgs/include/turtlesim_msgs/turtlesim_msgs
[0.804s] -- Up-to-date: /home/jaylon132435/ros2_ws/install/turtlesim_msgs/include/turtlesim_msgs/turtlesim_msgs/srv
[0.804s] -- Up-to-date: /home/jaylon132435/ros2_ws/install/turtlesim_msgs/include/turtlesim_msgs/turtlesim_msgs/srv/detail
[0.804s] -- Installing: /home/jaylon132435/ros2_ws/install/turtlesim_msgs/include/turtlesim_msgs/turtlesim_msgs/srv/detail/teleport_absolute__type_support.c
[0.804s] -- Installing: /home/jaylon132435/ros2_ws/install/turtlesim_msgs/include/turtlesim_msgs/turtlesim_msgs/srv/detail/set_pen__type_support.c
[0.804s] -- Installing: /home/jaylon132435/ros2_ws/install/turtlesim_msgs/include/turtlesim_msgs/turtlesim_msgs/srv/detail/kill__type_support.c
[0.804s] -- Installing: /home/jaylon132435/ros2_ws/install/turtlesim_msgs/include/turtlesim_msgs/turtlesim_msgs/srv/detail/spawn__type_support.c
[0.804s] -- Up-to-date: /home/jaylon132435/ros2_ws/install/turtlesim_msgs/include/turtlesim_msgs/turtlesim_msgs/srv/detail/spawn__rosidl_typesupport_introspection_c.h
[0.804s] -- Up-to-date: /home/jaylon132435/ros2_ws/install/turtlesim_msgs/include/turtlesim_msgs/turtlesim_msgs/srv/detail/teleport_relative__rosidl_typesupport_introspection_c.h
[0.804s] -- Installing: /home/jaylon132435/ros2_ws/install/turtlesim_msgs/include/turtlesim_msgs/turtlesim_msgs/srv/detail/teleport_relative__type_support.c
[0.805s] -- Up-to-date: /home/jaylon132435/ros2_ws/install/turtlesim_msgs/include/turtlesim_msgs/turtlesim_msgs/srv/detail/set_pen__rosidl_typesupport_introspection_c.h
[0.805s] -- Up-to-date: /home/jaylon132435/ros2_ws/install/turtlesim_msgs/include/turtlesim_msgs/turtlesim_msgs/srv/detail/teleport_absolute__rosidl_typesupport_introspection_c.h
[0.806s] -- Up-to-date: /home/jaylon132435/ros2_ws/install/turtlesim_msgs/include/turtlesim_msgs/turtlesim_msgs/srv/detail/kill__rosidl_typesupport_introspection_c.h
[0.806s] -- Up-to-date: /home/jaylon132435/ros2_ws/install/turtlesim_msgs/include/turtlesim_msgs/turtlesim_msgs/action
[0.806s] -- Up-to-date: /home/jaylon132435/ros2_ws/install/turtlesim_msgs/include/turtlesim_msgs/turtlesim_msgs/action/detail
[0.806s] -- Up-to-date: /home/jaylon132435/ros2_ws/install/turtlesim_msgs/include/turtlesim_msgs/turtlesim_msgs/action/detail/rotate_absolute__rosidl_typesupport_introspection_c.h
[0.806s] -- Installing: /home/jaylon132435/ros2_ws/install/turtlesim_msgs/include/turtlesim_msgs/turtlesim_msgs/action/detail/rotate_absolute__type_support.c
[0.806s] -- Up-to-date: /home/jaylon132435/ros2_ws/install/turtlesim_msgs/include/turtlesim_msgs/turtlesim_msgs/msg
[0.807s] -- Up-to-date: /home/jaylon132435/ros2_ws/install/turtlesim_msgs/include/turtlesim_msgs/turtlesim_msgs/msg/rosidl_typesupport_introspection_c__visibility_control.h
[0.807s] -- Up-to-date: /home/jaylon132435/ros2_ws/install/turtlesim_msgs/include/turtlesim_msgs/turtlesim_msgs/msg/detail
[0.807s] -- Up-to-date: /home/jaylon132435/ros2_ws/install/turtlesim_msgs/include/turtlesim_msgs/turtlesim_msgs/msg/detail/color__rosidl_typesupport_introspection_c.h
[0.807s] -- Up-to-date: /home/jaylon132435/ros2_ws/install/turtlesim_msgs/include/turtlesim_msgs/turtlesim_msgs/msg/detail/pose__rosidl_typesupport_introspection_c.h
[0.807s] -- Installing: /home/jaylon132435/ros2_ws/install/turtlesim_msgs/include/turtlesim_msgs/turtlesim_msgs/msg/detail/color__type_support.c
[0.807s] -- Installing: /home/jaylon132435/ros2_ws/install/turtlesim_msgs/include/turtlesim_msgs/turtlesim_msgs/msg/detail/pose__type_support.c
[0.807s] -- Up-to-date: /home/jaylon132435/ros2_ws/install/turtlesim_msgs/lib/libturtlesim_msgs__rosidl_typesupport_introspection_c.so
[0.807s] -- Up-to-date: /home/jaylon132435/ros2_ws/install/turtlesim_msgs/lib/libturtlesim_msgs__rosidl_typesupport_c.so
[0.808s] -- Up-to-date: /home/jaylon132435/ros2_ws/install/turtlesim_msgs/include/turtlesim_msgs/turtlesim_msgs
[0.808s] -- Up-to-date: /home/jaylon132435/ros2_ws/install/turtlesim_msgs/include/turtlesim_msgs/turtlesim_msgs/srv
[0.808s] -- Up-to-date: /home/jaylon132435/ros2_ws/install/turtlesim_msgs/include/turtlesim_msgs/turtlesim_msgs/srv/detail
[0.808s] -- Up-to-date: /home/jaylon132435/ros2_ws/install/turtlesim_msgs/include/turtlesim_msgs/turtlesim_msgs/srv/detail/teleport_absolute__type_support.cpp
[0.808s] -- Up-to-date: /home/jaylon132435/ros2_ws/install/turtlesim_msgs/include/turtlesim_msgs/turtlesim_msgs/srv/detail/set_pen__type_support.cpp
[0.808s] -- Up-to-date: /home/jaylon132435/ros2_ws/install/turtlesim_msgs/include/turtlesim_msgs/turtlesim_msgs/srv/detail/kill__type_support.cpp
[0.808s] -- Up-to-date: /home/jaylon132435/ros2_ws/install/turtlesim_msgs/include/turtlesim_msgs/turtlesim_msgs/srv/detail/teleport_absolute__rosidl_typesupport_introspection_cpp.hpp
[0.808s] -- Up-to-date: /home/jaylon132435/ros2_ws/install/turtlesim_msgs/include/turtlesim_msgs/turtlesim_msgs/srv/detail/teleport_relative__type_support.cpp
[0.808s] -- Up-to-date: /home/jaylon132435/ros2_ws/install/turtlesim_msgs/include/turtlesim_msgs/turtlesim_msgs/srv/detail/spawn__type_support.cpp
[0.809s] -- Up-to-date: /home/jaylon132435/ros2_ws/install/turtlesim_msgs/include/turtlesim_msgs/turtlesim_msgs/srv/detail/spawn__rosidl_typesupport_introspection_cpp.hpp
[0.809s] -- Up-to-date: /home/jaylon132435/ros2_ws/install/turtlesim_msgs/include/turtlesim_msgs/turtlesim_msgs/srv/detail/teleport_relative__rosidl_typesupport_introspection_cpp.hpp
[0.809s] -- Up-to-date: /home/jaylon132435/ros2_ws/install/turtlesim_msgs/include/turtlesim_msgs/turtlesim_msgs/srv/detail/kill__rosidl_typesupport_introspection_cpp.hpp
[0.809s] -- Up-to-date: /home/jaylon132435/ros2_ws/install/turtlesim_msgs/include/turtlesim_msgs/turtlesim_msgs/srv/detail/set_pen__rosidl_typesupport_introspection_cpp.hpp
[0.809s] -- Up-to-date: /home/jaylon132435/ros2_ws/install/turtlesim_msgs/include/turtlesim_msgs/turtlesim_msgs/action
[0.809s] -- Up-to-date: /home/jaylon132435/ros2_ws/install/turtlesim_msgs/include/turtlesim_msgs/turtlesim_msgs/action/detail
[0.809s] -- Up-to-date: /home/jaylon132435/ros2_ws/install/turtlesim_msgs/include/turtlesim_msgs/turtlesim_msgs/action/detail/rotate_absolute__rosidl_typesupport_introspection_cpp.hpp
[0.809s] -- Up-to-date: /home/jaylon132435/ros2_ws/install/turtlesim_msgs/include/turtlesim_msgs/turtlesim_msgs/action/detail/rotate_absolute__type_support.cpp
[0.809s] -- Up-to-date: /home/jaylon132435/ros2_ws/install/turtlesim_msgs/include/turtlesim_msgs/turtlesim_msgs/msg
[0.809s] -- Up-to-date: /home/jaylon132435/ros2_ws/install/turtlesim_msgs/include/turtlesim_msgs/turtlesim_msgs/msg/detail
[0.809s] -- Up-to-date: /home/jaylon132435/ros2_ws/install/turtlesim_msgs/include/turtlesim_msgs/turtlesim_msgs/msg/detail/color__rosidl_typesupport_introspection_cpp.hpp
[0.810s] -- Up-to-date: /home/jaylon132435/ros2_ws/install/turtlesim_msgs/include/turtlesim_msgs/turtlesim_msgs/msg/detail/pose__rosidl_typesupport_introspection_cpp.hpp
[0.810s] -- Up-to-date: /home/jaylon132435/ros2_ws/install/turtlesim_msgs/include/turtlesim_msgs/turtlesim_msgs/msg/detail/color__type_support.cpp
[0.810s] -- Up-to-date: /home/jaylon132435/ros2_ws/install/turtlesim_msgs/include/turtlesim_msgs/turtlesim_msgs/msg/detail/pose__type_support.cpp
[0.810s] -- Up-to-date: /home/jaylon132435/ros2_ws/install/turtlesim_msgs/lib/libturtlesim_msgs__rosidl_typesupport_introspection_cpp.so
[0.810s] -- Up-to-date: /home/jaylon132435/ros2_ws/install/turtlesim_msgs/lib/libturtlesim_msgs__rosidl_typesupport_cpp.so
[0.810s] -- Up-to-date: /home/jaylon132435/ros2_ws/install/turtlesim_msgs/share/turtlesim_msgs/environment/pythonpath.sh
[0.810s] -- Up-to-date: /home/jaylon132435/ros2_ws/install/turtlesim_msgs/share/turtlesim_msgs/environment/pythonpath.dsv
[0.810s] -- Up-to-date: /home/jaylon132435/ros2_ws/install/turtlesim_msgs/lib/python3.12/site-packages/turtlesim_msgs-1.10.1-py3.12.egg-info
[0.810s] -- Installing: /home/jaylon132435/ros2_ws/install/turtlesim_msgs/lib/python3.12/site-packages/turtlesim_msgs-1.10.1-py3.12.egg-info/dependency_links.txt
[0.810s] -- Installing: /home/jaylon132435/ros2_ws/install/turtlesim_msgs/lib/python3.12/site-packages/turtlesim_msgs-1.10.1-py3.12.egg-info/top_level.txt
[0.810s] -- Installing: /home/jaylon132435/ros2_ws/install/turtlesim_msgs/lib/python3.12/site-packages/turtlesim_msgs-1.10.1-py3.12.egg-info/SOURCES.txt
[0.810s] -- Installing: /home/jaylon132435/ros2_ws/install/turtlesim_msgs/lib/python3.12/site-packages/turtlesim_msgs-1.10.1-py3.12.egg-info/PKG-INFO
[0.811s] -- Up-to-date: /home/jaylon132435/ros2_ws/install/turtlesim_msgs/lib/python3.12/site-packages/turtlesim_msgs
[0.811s] -- Up-to-date: /home/jaylon132435/ros2_ws/install/turtlesim_msgs/lib/python3.12/site-packages/turtlesim_msgs/srv
[0.811s] -- Up-to-date: /home/jaylon132435/ros2_ws/install/turtlesim_msgs/lib/python3.12/site-packages/turtlesim_msgs/srv/_set_pen.py
[0.811s] -- Up-to-date: /home/jaylon132435/ros2_ws/install/turtlesim_msgs/lib/python3.12/site-packages/turtlesim_msgs/srv/_teleport_absolute_s.c
[0.811s] -- Up-to-date: /home/jaylon132435/ros2_ws/install/turtlesim_msgs/lib/python3.12/site-packages/turtlesim_msgs/srv/_kill_s.c
[0.811s] -- Up-to-date: /home/jaylon132435/ros2_ws/install/turtlesim_msgs/lib/python3.12/site-packages/turtlesim_msgs/srv/_spawn_s.c
[0.811s] -- Up-to-date: /home/jaylon132435/ros2_ws/install/turtlesim_msgs/lib/python3.12/site-packages/turtlesim_msgs/srv/_spawn.py
[0.811s] -- Up-to-date: /home/jaylon132435/ros2_ws/install/turtlesim_msgs/lib/python3.12/site-packages/turtlesim_msgs/srv/_teleport_relative_s.c
[0.811s] -- Up-to-date: /home/jaylon132435/ros2_ws/install/turtlesim_msgs/lib/python3.12/site-packages/turtlesim_msgs/srv/_teleport_relative.py
[0.811s] -- Up-to-date: /home/jaylon132435/ros2_ws/install/turtlesim_msgs/lib/python3.12/site-packages/turtlesim_msgs/srv/__init__.py
[0.811s] -- Up-to-date: /home/jaylon132435/ros2_ws/install/turtlesim_msgs/lib/python3.12/site-packages/turtlesim_msgs/srv/_kill.py
[0.811s] -- Up-to-date: /home/jaylon132435/ros2_ws/install/turtlesim_msgs/lib/python3.12/site-packages/turtlesim_msgs/srv/_set_pen_s.c
[0.811s] -- Up-to-date: /home/jaylon132435/ros2_ws/install/turtlesim_msgs/lib/python3.12/site-packages/turtlesim_msgs/srv/_teleport_absolute.py
[0.812s] -- Up-to-date: /home/jaylon132435/ros2_ws/install/turtlesim_msgs/lib/python3.12/site-packages/turtlesim_msgs/_turtlesim_msgs_s.ep.rosidl_typesupport_introspection_c.c
[0.812s] -- Up-to-date: /home/jaylon132435/ros2_ws/install/turtlesim_msgs/lib/python3.12/site-packages/turtlesim_msgs/turtlesim_msgs_s__rosidl_typesupport_c.so
[0.812s] -- Up-to-date: /home/jaylon132435/ros2_ws/install/turtlesim_msgs/lib/python3.12/site-packages/turtlesim_msgs/py.typed
[0.812s] -- Up-to-date: /home/jaylon132435/ros2_ws/install/turtlesim_msgs/lib/python3.12/site-packages/turtlesim_msgs/action
[0.812s] -- Up-to-date: /home/jaylon132435/ros2_ws/install/turtlesim_msgs/lib/python3.12/site-packages/turtlesim_msgs/action/_rotate_absolute.py
[0.812s] -- Up-to-date: /home/jaylon132435/ros2_ws/install/turtlesim_msgs/lib/python3.12/site-packages/turtlesim_msgs/action/__init__.py
[0.812s] -- Up-to-date: /home/jaylon132435/ros2_ws/install/turtlesim_msgs/lib/python3.12/site-packages/turtlesim_msgs/action/_rotate_absolute_s.c
[0.812s] -- Up-to-date: /home/jaylon132435/ros2_ws/install/turtlesim_msgs/lib/python3.12/site-packages/turtlesim_msgs/msg
[0.812s] -- Up-to-date: /home/jaylon132435/ros2_ws/install/turtlesim_msgs/lib/python3.12/site-packages/turtlesim_msgs/msg/_color.py
[0.812s] -- Up-to-date: /home/jaylon132435/ros2_ws/install/turtlesim_msgs/lib/python3.12/site-packages/turtlesim_msgs/msg/_color_s.c
[0.812s] -- Up-to-date: /home/jaylon132435/ros2_ws/install/turtlesim_msgs/lib/python3.12/site-packages/turtlesim_msgs/msg/_pose.py
[0.812s] -- Up-to-date: /home/jaylon132435/ros2_ws/install/turtlesim_msgs/lib/python3.12/site-packages/turtlesim_msgs/msg/__init__.py
[0.812s] -- Up-to-date: /home/jaylon132435/ros2_ws/install/turtlesim_msgs/lib/python3.12/site-packages/turtlesim_msgs/msg/_pose_s.c
[0.812s] -- Up-to-date: /home/jaylon132435/ros2_ws/install/turtlesim_msgs/lib/python3.12/site-packages/turtlesim_msgs/_turtlesim_msgs_s.ep.rosidl_typesupport_c.c
[0.813s] -- Up-to-date: /home/jaylon132435/ros2_ws/install/turtlesim_msgs/lib/python3.12/site-packages/turtlesim_msgs/__init__.py
[0.813s] -- Up-to-date: /home/jaylon132435/ros2_ws/install/turtlesim_msgs/lib/python3.12/site-packages/turtlesim_msgs/turtlesim_msgs_s__rosidl_typesupport_fastrtps_c.so
[0.813s] -- Up-to-date: /home/jaylon132435/ros2_ws/install/turtlesim_msgs/lib/python3.12/site-packages/turtlesim_msgs/_turtlesim_msgs_s.ep.rosidl_typesupport_fastrtps_c.c
[0.813s] -- Up-to-date: /home/jaylon132435/ros2_ws/install/turtlesim_msgs/lib/python3.12/site-packages/turtlesim_msgs/turtlesim_msgs_s__rosidl_typesupport_introspection_c.so
[0.855s] Listing '/home/jaylon132435/ros2_ws/install/turtlesim_msgs/lib/python3.12/site-packages/turtlesim_msgs'...
[0.855s] Listing '/home/jaylon132435/ros2_ws/install/turtlesim_msgs/lib/python3.12/site-packages/turtlesim_msgs/action'...
[0.855s] Listing '/home/jaylon132435/ros2_ws/install/turtlesim_msgs/lib/python3.12/site-packages/turtlesim_msgs/msg'...
[0.856s] Listing '/home/jaylon132435/ros2_ws/install/turtlesim_msgs/lib/python3.12/site-packages/turtlesim_msgs/srv'...
[0.867s] -- Up-to-date: /home/jaylon132435/ros2_ws/install/turtlesim_msgs/lib/python3.12/site-packages/turtlesim_msgs/turtlesim_msgs_s__rosidl_typesupport_fastrtps_c.so
[0.867s] -- Up-to-date: /home/jaylon132435/ros2_ws/install/turtlesim_msgs/lib/python3.12/site-packages/turtlesim_msgs/turtlesim_msgs_s__rosidl_typesupport_introspection_c.so
[0.868s] -- Up-to-date: /home/jaylon132435/ros2_ws/install/turtlesim_msgs/lib/python3.12/site-packages/turtlesim_msgs/turtlesim_msgs_s__rosidl_typesupport_c.so
[0.868s] -- Up-to-date: /home/jaylon132435/ros2_ws/install/turtlesim_msgs/lib/libturtlesim_msgs__rosidl_generator_py.so
[0.868s] -- Up-to-date: /home/jaylon132435/ros2_ws/install/turtlesim_msgs/share/turtlesim_msgs/msg/Color.idl
[0.868s] -- Up-to-date: /home/jaylon132435/ros2_ws/install/turtlesim_msgs/share/turtlesim_msgs/msg/Pose.idl
[0.869s] -- Up-to-date: /home/jaylon132435/ros2_ws/install/turtlesim_msgs/share/turtlesim_msgs/action/RotateAbsolute.idl
[0.869s] -- Up-to-date: /home/jaylon132435/ros2_ws/install/turtlesim_msgs/share/turtlesim_msgs/srv/Kill.idl
[0.869s] -- Up-to-date: /home/jaylon132435/ros2_ws/install/turtlesim_msgs/share/turtlesim_msgs/srv/SetPen.idl
[0.869s] -- Up-to-date: /home/jaylon132435/ros2_ws/install/turtlesim_msgs/share/turtlesim_msgs/srv/Spawn.idl
[0.869s] -- Up-to-date: /home/jaylon132435/ros2_ws/install/turtlesim_msgs/share/turtlesim_msgs/srv/TeleportAbsolute.idl
[0.869s] -- Up-to-date: /home/jaylon132435/ros2_ws/install/turtlesim_msgs/share/turtlesim_msgs/srv/TeleportRelative.idl
[0.869s] -- Up-to-date: /home/jaylon132435/ros2_ws/install/turtlesim_msgs/share/turtlesim_msgs/msg/Color.msg
[0.869s] -- Up-to-date: /home/jaylon132435/ros2_ws/install/turtlesim_msgs/share/turtlesim_msgs/msg/Pose.msg
[0.869s] -- Up-to-date: /home/jaylon132435/ros2_ws/install/turtlesim_msgs/share/turtlesim_msgs/action/RotateAbsolute.action
[0.870s] -- Up-to-date: /home/jaylon132435/ros2_ws/install/turtlesim_msgs/share/turtlesim_msgs/srv/Kill.srv
[0.870s] -- Up-to-date: /home/jaylon132435/ros2_ws/install/turtlesim_msgs/share/turtlesim_msgs/srv/SetPen.srv
[0.870s] -- Up-to-date: /home/jaylon132435/ros2_ws/install/turtlesim_msgs/share/turtlesim_msgs/srv/Spawn.srv
[0.870s] -- Up-to-date: /home/jaylon132435/ros2_ws/install/turtlesim_msgs/share/turtlesim_msgs/srv/TeleportAbsolute.srv
[0.870s] -- Up-to-date: /home/jaylon132435/ros2_ws/install/turtlesim_msgs/share/turtlesim_msgs/srv/TeleportRelative.srv
[0.870s] -- Up-to-date: /home/jaylon132435/ros2_ws/install/turtlesim_msgs/share/ament_index/resource_index/package_run_dependencies/turtlesim_msgs
[0.870s] -- Up-to-date: /home/jaylon132435/ros2_ws/install/turtlesim_msgs/share/ament_index/resource_index/parent_prefix_path/turtlesim_msgs
[0.870s] -- Up-to-date: /home/jaylon132435/ros2_ws/install/turtlesim_msgs/share/turtlesim_msgs/environment/ament_prefix_path.sh
[0.870s] -- Up-to-date: /home/jaylon132435/ros2_ws/install/turtlesim_msgs/share/turtlesim_msgs/environment/ament_prefix_path.dsv
[0.870s] -- Up-to-date: /home/jaylon132435/ros2_ws/install/turtlesim_msgs/share/turtlesim_msgs/environment/path.sh
[0.871s] -- Up-to-date: /home/jaylon132435/ros2_ws/install/turtlesim_msgs/share/turtlesim_msgs/environment/path.dsv
[0.871s] -- Up-to-date: /home/jaylon132435/ros2_ws/install/turtlesim_msgs/share/turtlesim_msgs/local_setup.bash
[0.871s] -- Up-to-date: /home/jaylon132435/ros2_ws/install/turtlesim_msgs/share/turtlesim_msgs/local_setup.sh
[0.871s] -- Up-to-date: /home/jaylon132435/ros2_ws/install/turtlesim_msgs/share/turtlesim_msgs/local_setup.zsh
[0.871s] -- Up-to-date: /home/jaylon132435/ros2_ws/install/turtlesim_msgs/share/turtlesim_msgs/local_setup.dsv
[0.871s] -- Installing: /home/jaylon132435/ros2_ws/install/turtlesim_msgs/share/turtlesim_msgs/package.dsv
[0.871s] -- Up-to-date: /home/jaylon132435/ros2_ws/install/turtlesim_msgs/share/ament_index/resource_index/packages/turtlesim_msgs
[0.871s] -- Up-to-date: /home/jaylon132435/ros2_ws/install/turtlesim_msgs/share/turtlesim_msgs/cmake/export_turtlesim_msgs__rosidl_generator_cExport.cmake
[0.871s] -- Up-to-date: /home/jaylon132435/ros2_ws/install/turtlesim_msgs/share/turtlesim_msgs/cmake/export_turtlesim_msgs__rosidl_generator_cExport-noconfig.cmake
[0.871s] -- Up-to-date: /home/jaylon132435/ros2_ws/install/turtlesim_msgs/share/turtlesim_msgs/cmake/export_turtlesim_msgs__rosidl_typesupport_fastrtps_cExport.cmake
[0.872s] -- Up-to-date: /home/jaylon132435/ros2_ws/install/turtlesim_msgs/share/turtlesim_msgs/cmake/export_turtlesim_msgs__rosidl_typesupport_fastrtps_cExport-noconfig.cmake
[0.872s] -- Up-to-date: /home/jaylon132435/ros2_ws/install/turtlesim_msgs/share/turtlesim_msgs/cmake/export_turtlesim_msgs__rosidl_generator_cppExport.cmake
[0.872s] -- Up-to-date: /home/jaylon132435/ros2_ws/install/turtlesim_msgs/share/turtlesim_msgs/cmake/export_turtlesim_msgs__rosidl_typesupport_fastrtps_cppExport.cmake
[0.872s] -- Up-to-date: /home/jaylon132435/ros2_ws/install/turtlesim_msgs/share/turtlesim_msgs/cmake/export_turtlesim_msgs__rosidl_typesupport_fastrtps_cppExport-noconfig.cmake
[0.872s] -- Up-to-date: /home/jaylon132435/ros2_ws/install/turtlesim_msgs/share/turtlesim_msgs/cmake/turtlesim_msgs__rosidl_typesupport_introspection_cExport.cmake
[0.872s] -- Up-to-date: /home/jaylon132435/ros2_ws/install/turtlesim_msgs/share/turtlesim_msgs/cmake/turtlesim_msgs__rosidl_typesupport_introspection_cExport-noconfig.cmake
[0.872s] -- Up-to-date: /home/jaylon132435/ros2_ws/install/turtlesim_msgs/share/turtlesim_msgs/cmake/turtlesim_msgs__rosidl_typesupport_cExport.cmake
[0.872s] -- Up-to-date: /home/jaylon132435/ros2_ws/install/turtlesim_msgs/share/turtlesim_msgs/cmake/turtlesim_msgs__rosidl_typesupport_cExport-noconfig.cmake
[0.872s] -- Up-to-date: /home/jaylon132435/ros2_ws/install/turtlesim_msgs/share/turtlesim_msgs/cmake/turtlesim_msgs__rosidl_typesupport_introspection_cppExport.cmake
[0.872s] -- Up-to-date: /home/jaylon132435/ros2_ws/install/turtlesim_msgs/share/turtlesim_msgs/cmake/turtlesim_msgs__rosidl_typesupport_introspection_cppExport-noconfig.cmake
[0.872s] -- Up-to-date: /home/jaylon132435/ros2_ws/install/turtlesim_msgs/share/turtlesim_msgs/cmake/turtlesim_msgs__rosidl_typesupport_cppExport.cmake
[0.873s] -- Up-to-date: /home/jaylon132435/ros2_ws/install/turtlesim_msgs/share/turtlesim_msgs/cmake/turtlesim_msgs__rosidl_typesupport_cppExport-noconfig.cmake
[0.873s] -- Up-to-date: /home/jaylon132435/ros2_ws/install/turtlesim_msgs/share/turtlesim_msgs/cmake/export_turtlesim_msgs__rosidl_generator_pyExport.cmake
[0.873s] -- Up-to-date: /home/jaylon132435/ros2_ws/install/turtlesim_msgs/share/turtlesim_msgs/cmake/export_turtlesim_msgs__rosidl_generator_pyExport-noconfig.cmake
[0.873s] -- Up-to-date: /home/jaylon132435/ros2_ws/install/turtlesim_msgs/share/turtlesim_msgs/cmake/rosidl_cmake-extras.cmake
[0.873s] -- Up-to-date: /home/jaylon132435/ros2_ws/install/turtlesim_msgs/share/turtlesim_msgs/cmake/ament_cmake_export_dependencies-extras.cmake
[0.873s] -- Up-to-date: /home/jaylon132435/ros2_ws/install/turtlesim_msgs/share/turtlesim_msgs/cmake/ament_cmake_export_include_directories-extras.cmake
[0.873s] -- Up-to-date: /home/jaylon132435/ros2_ws/install/turtlesim_msgs/share/turtlesim_msgs/cmake/ament_cmake_export_libraries-extras.cmake
[0.873s] -- Up-to-date: /home/jaylon132435/ros2_ws/install/turtlesim_msgs/share/turtlesim_msgs/cmake/ament_cmake_export_targets-extras.cmake
[0.873s] -- Up-to-date: /home/jaylon132435/ros2_ws/install/turtlesim_msgs/share/turtlesim_msgs/cmake/rosidl_cmake_export_typesupport_targets-extras.cmake
[0.873s] -- Up-to-date: /home/jaylon132435/ros2_ws/install/turtlesim_msgs/share/turtlesim_msgs/cmake/rosidl_cmake_export_typesupport_libraries-extras.cmake
[0.873s] -- Up-to-date: /home/jaylon132435/ros2_ws/install/turtlesim_msgs/share/turtlesim_msgs/cmake/turtlesim_msgsConfig.cmake
[0.874s] -- Up-to-date: /home/jaylon132435/ros2_ws/install/turtlesim_msgs/share/turtlesim_msgs/cmake/turtlesim_msgsConfig-version.cmake
[0.874s] -- Up-to-date: /home/jaylon132435/ros2_ws/install/turtlesim_msgs/share/turtlesim_msgs/package.xml
[0.877s] Invoked command in '/home/jaylon132435/ros2_ws/build/turtlesim_msgs' returned '0': CMAKE_PREFIX_PATH=${CMAKE_PREFIX_PATH}:/opt/ros/rolling DEBUGINFOD_URLS=https://debuginfod.ubuntu.com /usr/bin/cmake --install /home/jaylon132435/ros2_ws/build/turtlesim_msgs
