[0.019s] Invoking command in '/home/jaylon132435/ros2_ws/build/turtlesim': CMAKE_PREFIX_PATH=/home/jaylon132435/ros2_ws/install/turtlesim_msgs:/home/jaylon132435/ros2_ws/install/turtlesim:/opt/ros/rolling/opt/sdformat_vendor:/opt/ros/rolling/opt/gz_math_vendor:/opt/ros/rolling/opt/gz_utils_vendor:/opt/ros/rolling/opt/gz_tools_vendor:/opt/ros/rolling/opt/gz_cmake_vendor:/opt/ros/rolling DEBUGINFOD_URLS=https://debuginfod.ubuntu.com /usr/bin/cmake --build /home/jaylon132435/ros2_ws/build/turtlesim -- -j4 -l4
[0.140s] [ 16%] Built target draw_square
[0.142s] [ 50%] Built target turtle_teleop_key
[0.142s] [ 50%] Built target mimic
[0.159s] [ 58%] [32mBuilding CXX object CMakeFiles/turtlesim_node.dir/src/turtle_frame.cpp.o[0m
[16.960s] [ 66%] [32m[1mLinking CXX executable turtlesim_node[0m
[22.775s] [100%] Built target turtlesim_node
[22.799s] Invoked command in '/home/jaylon132435/ros2_ws/build/turtlesim' returned '0': CMAKE_PREFIX_PATH=/home/jaylon132435/ros2_ws/install/turtlesim_msgs:/home/jaylon132435/ros2_ws/install/turtlesim:/opt/ros/rolling/opt/sdformat_vendor:/opt/ros/rolling/opt/gz_math_vendor:/opt/ros/rolling/opt/gz_utils_vendor:/opt/ros/rolling/opt/gz_tools_vendor:/opt/ros/rolling/opt/gz_cmake_vendor:/opt/ros/rolling DEBUGINFOD_URLS=https://debuginfod.ubuntu.com /usr/bin/cmake --build /home/jaylon132435/ros2_ws/build/turtlesim -- -j4 -l4
[22.801s] Invoking command in '/home/jaylon132435/ros2_ws/build/turtlesim': CMAKE_PREFIX_PATH=/home/jaylon132435/ros2_ws/install/turtlesim_msgs:/home/jaylon132435/ros2_ws/install/turtlesim:/opt/ros/rolling/opt/sdformat_vendor:/opt/ros/rolling/opt/gz_math_vendor:/opt/ros/rolling/opt/gz_utils_vendor:/opt/ros/rolling/opt/gz_tools_vendor:/opt/ros/rolling/opt/gz_cmake_vendor:/opt/ros/rolling DEBUGINFOD_URLS=https://debuginfod.ubuntu.com /usr/bin/cmake --install /home/jaylon132435/ros2_ws/build/turtlesim
[22.816s] -- Install configuration: ""
[22.817s] -- Installing: /home/jaylon132435/ros2_ws/install/turtlesim/lib/turtlesim/turtlesim_node
[22.840s] -- Set non-toolchain portion of runtime path of "/home/jaylon132435/ros2_ws/install/turtlesim/lib/turtlesim/turtlesim_node" to ""
[22.840s] -- Up-to-date: /home/jaylon132435/ros2_ws/install/turtlesim/lib/turtlesim/turtle_teleop_key
[22.840s] -- Up-to-date: /home/jaylon132435/ros2_ws/install/turtlesim/lib/turtlesim/draw_square
[22.841s] -- Up-to-date: /home/jaylon132435/ros2_ws/install/turtlesim/lib/turtlesim/mimic
[22.841s] -- Up-to-date: /home/jaylon132435/ros2_ws/install/turtlesim/share/turtlesim/images
[22.841s] -- Up-to-date: /home/jaylon132435/ros2_ws/install/turtlesim/share/turtlesim/images/galactic.png
[22.841s] -- Up-to-date: /home/jaylon132435/ros2_ws/install/turtlesim/share/turtlesim/images/crystal.png
[22.842s] -- Up-to-date: /home/jaylon132435/ros2_ws/install/turtlesim/share/turtlesim/images/foxy.png
[22.842s] -- Up-to-date: /home/jaylon132435/ros2_ws/install/turtlesim/share/turtlesim/images/kilted.png
[22.842s] -- Up-to-date: /home/jaylon132435/ros2_ws/install/turtlesim/share/turtlesim/images/iron.png
[22.842s] -- Up-to-date: /home/jaylon132435/ros2_ws/install/turtlesim/share/turtlesim/images/rolling.png
[22.842s] -- Up-to-date: /home/jaylon132435/ros2_ws/install/turtlesim/share/turtlesim/images/ardent.png
[22.842s] -- Up-to-date: /home/jaylon132435/ros2_ws/install/turtlesim/share/turtlesim/images/eloquent.png
[22.842s] -- Up-to-date: /home/jaylon132435/ros2_ws/install/turtlesim/share/turtlesim/images/jazzy.png
[22.842s] -- Up-to-date: /home/jaylon132435/ros2_ws/install/turtlesim/share/turtlesim/images/humble.png
[22.842s] -- Up-to-date: /home/jaylon132435/ros2_ws/install/turtlesim/share/turtlesim/images/bouncy.png
[22.842s] -- Up-to-date: /home/jaylon132435/ros2_ws/install/turtlesim/share/turtlesim/images/dashing.png
[22.843s] -- Up-to-date: /home/jaylon132435/ros2_ws/install/turtlesim/share/turtlesim/launch
[22.843s] -- Up-to-date: /home/jaylon132435/ros2_ws/install/turtlesim/share/turtlesim/launch/multisim.launch.py
[22.843s] -- Up-to-date: /home/jaylon132435/ros2_ws/install/turtlesim/share/ament_index/resource_index/package_run_dependencies/turtlesim
[22.843s] -- Up-to-date: /home/jaylon132435/ros2_ws/install/turtlesim/share/ament_index/resource_index/parent_prefix_path/turtlesim
[22.843s] -- Up-to-date: /home/jaylon132435/ros2_ws/install/turtlesim/share/turtlesim/environment/ament_prefix_path.sh
[22.843s] -- Up-to-date: /home/jaylon132435/ros2_ws/install/turtlesim/share/turtlesim/environment/ament_prefix_path.dsv
[22.843s] -- Up-to-date: /home/jaylon132435/ros2_ws/install/turtlesim/share/turtlesim/environment/path.sh
[22.843s] -- Up-to-date: /home/jaylon132435/ros2_ws/install/turtlesim/share/turtlesim/environment/path.dsv
[22.843s] -- Up-to-date: /home/jaylon132435/ros2_ws/install/turtlesim/share/turtlesim/local_setup.bash
[22.843s] -- Up-to-date: /home/jaylon132435/ros2_ws/install/turtlesim/share/turtlesim/local_setup.sh
[22.843s] -- Up-to-date: /home/jaylon132435/ros2_ws/install/turtlesim/share/turtlesim/local_setup.zsh
[22.844s] -- Up-to-date: /home/jaylon132435/ros2_ws/install/turtlesim/share/turtlesim/local_setup.dsv
[22.844s] -- Installing: /home/jaylon132435/ros2_ws/install/turtlesim/share/turtlesim/package.dsv
[22.844s] -- Up-to-date: /home/jaylon132435/ros2_ws/install/turtlesim/share/ament_index/resource_index/packages/turtlesim
[22.844s] -- Up-to-date: /home/jaylon132435/ros2_ws/install/turtlesim/share/turtlesim/cmake/turtlesimConfig.cmake
[22.844s] -- Up-to-date: /home/jaylon132435/ros2_ws/install/turtlesim/share/turtlesim/cmake/turtlesimConfig-version.cmake
[22.844s] -- Up-to-date: /home/jaylon132435/ros2_ws/install/turtlesim/share/turtlesim/package.xml
[22.846s] Invoked command in '/home/jaylon132435/ros2_ws/build/turtlesim' returned '0': CMAKE_PREFIX_PATH=/home/jaylon132435/ros2_ws/install/turtlesim_msgs:/home/jaylon132435/ros2_ws/install/turtlesim:/opt/ros/rolling/opt/sdformat_vendor:/opt/ros/rolling/opt/gz_math_vendor:/opt/ros/rolling/opt/gz_utils_vendor:/opt/ros/rolling/opt/gz_tools_vendor:/opt/ros/rolling/opt/gz_cmake_vendor:/opt/ros/rolling DEBUGINFOD_URLS=https://debuginfod.ubuntu.com /usr/bin/cmake --install /home/jaylon132435/ros2_ws/build/turtlesim
