[1.803s] Invoking command in '/home/jaylon132435/ros2_ws/src/my_package': DEBUGINFOD_URLS=https://debuginfod.ubuntu.com PYTHONPATH=/home/jaylon132435/ros2_ws/build/my_package/prefix_override:/usr/lib/python3/dist-packages/colcon_core/task/python/colcon_distutils_commands:/home/jaylon132435/ros2_ws/install/my_package/lib/python3.12/site-packages:${PYTHONPATH} /usr/bin/python3 -W ignore:setup.py install is deprecated -W ignore:easy_install command is deprecated setup.py egg_info --egg-base ../../build/my_package build --build-base /home/jaylon132435/ros2_ws/build/my_package/build install --record /home/jaylon132435/ros2_ws/build/my_package/install.log --single-version-externally-managed install_data
[2.180s] running egg_info
[2.180s] creating ../../build/my_package/my_package.egg-info
[2.209s] writing ../../build/my_package/my_package.egg-info/PKG-INFO
[2.209s] writing dependency_links to ../../build/my_package/my_package.egg-info/dependency_links.txt
[2.209s] writing entry points to ../../build/my_package/my_package.egg-info/entry_points.txt
[2.210s] writing requirements to ../../build/my_package/my_package.egg-info/requires.txt
[2.210s] writing top-level names to ../../build/my_package/my_package.egg-info/top_level.txt
[2.210s] writing manifest file '../../build/my_package/my_package.egg-info/SOURCES.txt'
[2.264s] reading manifest file '../../build/my_package/my_package.egg-info/SOURCES.txt'
[2.264s] adding license file 'LICENSE'
[2.264s] writing manifest file '../../build/my_package/my_package.egg-info/SOURCES.txt'
[2.265s] running build
[2.265s] running build_py
[2.265s] creating /home/jaylon132435/ros2_ws/build/my_package/build
[2.265s] creating /home/jaylon132435/ros2_ws/build/my_package/build/lib
[2.265s] creating /home/jaylon132435/ros2_ws/build/my_package/build/lib/my_package
[2.265s] copying my_package/__init__.py -> /home/jaylon132435/ros2_ws/build/my_package/build/lib/my_package
[2.265s] copying my_package/my_node.py -> /home/jaylon132435/ros2_ws/build/my_package/build/lib/my_package
[2.266s] running install
[2.275s] running install_lib
[2.305s] creating /home/jaylon132435/ros2_ws/install/my_package/lib/python3.12/site-packages/my_package
[2.305s] copying /home/jaylon132435/ros2_ws/build/my_package/build/lib/my_package/__init__.py -> /home/jaylon132435/ros2_ws/install/my_package/lib/python3.12/site-packages/my_package
[2.305s] copying /home/jaylon132435/ros2_ws/build/my_package/build/lib/my_package/my_node.py -> /home/jaylon132435/ros2_ws/install/my_package/lib/python3.12/site-packages/my_package
[2.306s] byte-compiling /home/jaylon132435/ros2_ws/install/my_package/lib/python3.12/site-packages/my_package/__init__.py to __init__.cpython-312.pyc
[2.306s] byte-compiling /home/jaylon132435/ros2_ws/install/my_package/lib/python3.12/site-packages/my_package/my_node.py to my_node.cpython-312.pyc
[2.306s] running install_data
[2.307s] creating /home/jaylon132435/ros2_ws/install/my_package/share/ament_index
[2.307s] creating /home/jaylon132435/ros2_ws/install/my_package/share/ament_index/resource_index
[2.307s] creating /home/jaylon132435/ros2_ws/install/my_package/share/ament_index/resource_index/packages
[2.307s] copying resource/my_package -> /home/jaylon132435/ros2_ws/install/my_package/share/ament_index/resource_index/packages
[2.307s] copying package.xml -> /home/jaylon132435/ros2_ws/install/my_package/share/my_package
[2.307s] running install_egg_info
[2.336s] Copying ../../build/my_package/my_package.egg-info to /home/jaylon132435/ros2_ws/install/my_package/lib/python3.12/site-packages/my_package-0.0.0-py3.12.egg-info
[2.337s] running install_scripts
[2.530s] Installing my_node script to /home/jaylon132435/ros2_ws/install/my_package/lib/my_package
[2.531s] writing list of installed files to '/home/jaylon132435/ros2_ws/build/my_package/install.log'
[2.617s] Invoked command in '/home/jaylon132435/ros2_ws/src/my_package' returned '0': DEBUGINFOD_URLS=https://debuginfod.ubuntu.com PYTHONPATH=/home/jaylon132435/ros2_ws/build/my_package/prefix_override:/usr/lib/python3/dist-packages/colcon_core/task/python/colcon_distutils_commands:/home/jaylon132435/ros2_ws/install/my_package/lib/python3.12/site-packages:${PYTHONPATH} /usr/bin/python3 -W ignore:setup.py install is deprecated -W ignore:easy_install command is deprecated setup.py egg_info --egg-base ../../build/my_package build --build-base /home/jaylon132435/ros2_ws/build/my_package/build install --record /home/jaylon132435/ros2_ws/build/my_package/install.log --single-version-externally-managed install_data
