[1.493s] Invoking command in '/home/jaylon132435/ros2_ws/src/py_pubsub': DEBUGINFOD_URLS=https://debuginfod.ubuntu.com PYTHONPATH=/home/jaylon132435/ros2_ws/build/py_pubsub/prefix_override:/usr/lib/python3/dist-packages/colcon_core/task/python/colcon_distutils_commands:/home/jaylon132435/ros2_ws/install/py_pubsub/lib/python3.12/site-packages:${PYTHONPATH} /usr/bin/python3 -W ignore:setup.py install is deprecated -W ignore:easy_install command is deprecated setup.py egg_info --egg-base ../../build/py_pubsub build --build-base /home/jaylon132435/ros2_ws/build/py_pubsub/build install --record /home/jaylon132435/ros2_ws/build/py_pubsub/install.log --single-version-externally-managed install_data
[1.874s] running egg_info
[1.874s] creating ../../build/py_pubsub/py_pubsub.egg-info
[1.900s] writing ../../build/py_pubsub/py_pubsub.egg-info/PKG-INFO
[1.900s] writing dependency_links to ../../build/py_pubsub/py_pubsub.egg-info/dependency_links.txt
[1.900s] writing entry points to ../../build/py_pubsub/py_pubsub.egg-info/entry_points.txt
[1.900s] writing requirements to ../../build/py_pubsub/py_pubsub.egg-info/requires.txt
[1.900s] writing top-level names to ../../build/py_pubsub/py_pubsub.egg-info/top_level.txt
[1.901s] writing manifest file '../../build/py_pubsub/py_pubsub.egg-info/SOURCES.txt'
[1.957s] reading manifest file '../../build/py_pubsub/py_pubsub.egg-info/SOURCES.txt'
[1.957s] adding license file 'LICENSE'
[1.958s] writing manifest file '../../build/py_pubsub/py_pubsub.egg-info/SOURCES.txt'
[1.958s] running build
[1.958s] running build_py
[1.958s] creating /home/jaylon132435/ros2_ws/build/py_pubsub/build
[1.959s] creating /home/jaylon132435/ros2_ws/build/py_pubsub/build/lib
[1.959s] creating /home/jaylon132435/ros2_ws/build/py_pubsub/build/lib/py_pubsub
[1.959s] copying py_pubsub/publisher_member_function.py -> /home/jaylon132435/ros2_ws/build/py_pubsub/build/lib/py_pubsub
[1.959s] copying py_pubsub/subscriber_member_function.py -> /home/jaylon132435/ros2_ws/build/py_pubsub/build/lib/py_pubsub
[1.959s] copying py_pubsub/__init__.py -> /home/jaylon132435/ros2_ws/build/py_pubsub/build/lib/py_pubsub
[1.959s] running install
[1.969s] running install_lib
[1.995s] creating /home/jaylon132435/ros2_ws/install/py_pubsub/lib/python3.12/site-packages/py_pubsub
[1.995s] copying /home/jaylon132435/ros2_ws/build/py_pubsub/build/lib/py_pubsub/publisher_member_function.py -> /home/jaylon132435/ros2_ws/install/py_pubsub/lib/python3.12/site-packages/py_pubsub
[1.995s] copying /home/jaylon132435/ros2_ws/build/py_pubsub/build/lib/py_pubsub/subscriber_member_function.py -> /home/jaylon132435/ros2_ws/install/py_pubsub/lib/python3.12/site-packages/py_pubsub
[1.996s] copying /home/jaylon132435/ros2_ws/build/py_pubsub/build/lib/py_pubsub/__init__.py -> /home/jaylon132435/ros2_ws/install/py_pubsub/lib/python3.12/site-packages/py_pubsub
[1.996s] byte-compiling /home/jaylon132435/ros2_ws/install/py_pubsub/lib/python3.12/site-packages/py_pubsub/publisher_member_function.py to publisher_member_function.cpython-312.pyc
[1.997s] byte-compiling /home/jaylon132435/ros2_ws/install/py_pubsub/lib/python3.12/site-packages/py_pubsub/subscriber_member_function.py to subscriber_member_function.cpython-312.pyc
[1.998s] byte-compiling /home/jaylon132435/ros2_ws/install/py_pubsub/lib/python3.12/site-packages/py_pubsub/__init__.py to __init__.cpython-312.pyc
[1.998s] running install_data
[1.998s] creating /home/jaylon132435/ros2_ws/install/py_pubsub/share/ament_index
[1.998s] creating /home/jaylon132435/ros2_ws/install/py_pubsub/share/ament_index/resource_index
[1.998s] creating /home/jaylon132435/ros2_ws/install/py_pubsub/share/ament_index/resource_index/packages
[1.998s] copying resource/py_pubsub -> /home/jaylon132435/ros2_ws/install/py_pubsub/share/ament_index/resource_index/packages
[1.999s] copying package.xml -> /home/jaylon132435/ros2_ws/install/py_pubsub/share/py_pubsub
[1.999s] running install_egg_info
[2.030s] Copying ../../build/py_pubsub/py_pubsub.egg-info to /home/jaylon132435/ros2_ws/install/py_pubsub/lib/python3.12/site-packages/py_pubsub-0.0.0-py3.12.egg-info
[2.031s] running install_scripts
[2.223s] Installing listener script to /home/jaylon132435/ros2_ws/install/py_pubsub/lib/py_pubsub
[2.223s] Installing talker script to /home/jaylon132435/ros2_ws/install/py_pubsub/lib/py_pubsub
[2.224s] writing list of installed files to '/home/jaylon132435/ros2_ws/build/py_pubsub/install.log'
[2.299s] Invoked command in '/home/jaylon132435/ros2_ws/src/py_pubsub' returned '0': DEBUGINFOD_URLS=https://debuginfod.ubuntu.com PYTHONPATH=/home/jaylon132435/ros2_ws/build/py_pubsub/prefix_override:/usr/lib/python3/dist-packages/colcon_core/task/python/colcon_distutils_commands:/home/jaylon132435/ros2_ws/install/py_pubsub/lib/python3.12/site-packages:${PYTHONPATH} /usr/bin/python3 -W ignore:setup.py install is deprecated -W ignore:easy_install command is deprecated setup.py egg_info --egg-base ../../build/py_pubsub build --build-base /home/jaylon132435/ros2_ws/build/py_pubsub/build install --record /home/jaylon132435/ros2_ws/build/py_pubsub/install.log --single-version-externally-managed install_data
