[0.021s] Invoking command in '/home/jaylon132435/ros2_ws/build/turtlesim': CMAKE_PREFIX_PATH=/home/jaylon132435/ros2_ws/install/turtlesim_msgs:/home/jaylon132435/ros2_ws/install/turtlesim:/opt/ros/rolling/opt/sdformat_vendor:/opt/ros/rolling/opt/gz_math_vendor:/opt/ros/rolling/opt/gz_utils_vendor:/opt/ros/rolling/opt/gz_tools_vendor:/opt/ros/rolling/opt/gz_cmake_vendor:/opt/ros/rolling DEBUGINFOD_URLS=https://debuginfod.ubuntu.com /usr/bin/cmake --build /home/jaylon132435/ros2_ws/build/turtlesim -- -j4 -l4
[0.151s] [ 16%] Built target turtle_teleop_key
[0.159s] [ 33%] Built target mimic
[0.160s] [ 50%] Built target draw_square
[0.181s] [100%] Built target turtlesim_node
[0.204s] Invoked command in '/home/jaylon132435/ros2_ws/build/turtlesim' returned '0': CMAKE_PREFIX_PATH=/home/jaylon132435/ros2_ws/install/turtlesim_msgs:/home/jaylon132435/ros2_ws/install/turtlesim:/opt/ros/rolling/opt/sdformat_vendor:/opt/ros/rolling/opt/gz_math_vendor:/opt/ros/rolling/opt/gz_utils_vendor:/opt/ros/rolling/opt/gz_tools_vendor:/opt/ros/rolling/opt/gz_cmake_vendor:/opt/ros/rolling DEBUGINFOD_URLS=https://debuginfod.ubuntu.com /usr/bin/cmake --build /home/jaylon132435/ros2_ws/build/turtlesim -- -j4 -l4
[0.206s] Invoking command in '/home/jaylon132435/ros2_ws/build/turtlesim': CMAKE_PREFIX_PATH=/home/jaylon132435/ros2_ws/install/turtlesim_msgs:/home/jaylon132435/ros2_ws/install/turtlesim:/opt/ros/rolling/opt/sdformat_vendor:/opt/ros/rolling/opt/gz_math_vendor:/opt/ros/rolling/opt/gz_utils_vendor:/opt/ros/rolling/opt/gz_tools_vendor:/opt/ros/rolling/opt/gz_cmake_vendor:/opt/ros/rolling DEBUGINFOD_URLS=https://debuginfod.ubuntu.com /usr/bin/cmake --install /home/jaylon132435/ros2_ws/build/turtlesim
[0.221s] -- Install configuration: ""
[0.221s] -- Up-to-date: /home/jaylon132435/ros2_ws/install/turtlesim/lib/turtlesim/turtlesim_node
[0.222s] -- Up-to-date: /home/jaylon132435/ros2_ws/install/turtlesim/lib/turtlesim/turtle_teleop_key
[0.222s] -- Up-to-date: /home/jaylon132435/ros2_ws/install/turtlesim/lib/turtlesim/draw_square
[0.223s] -- Up-to-date: /home/jaylon132435/ros2_ws/install/turtlesim/lib/turtlesim/mimic
[0.223s] -- Up-to-date: /home/jaylon132435/ros2_ws/install/turtlesim/share/turtlesim/images
[0.223s] -- Up-to-date: /home/jaylon132435/ros2_ws/install/turtlesim/share/turtlesim/images/galactic.png
[0.223s] -- Up-to-date: /home/jaylon132435/ros2_ws/install/turtlesim/share/turtlesim/images/crystal.png
[0.224s] -- Up-to-date: /home/jaylon132435/ros2_ws/install/turtlesim/share/turtlesim/images/foxy.png
[0.224s] -- Up-to-date: /home/jaylon132435/ros2_ws/install/turtlesim/share/turtlesim/images/kilted.png
[0.224s] -- Up-to-date: /home/jaylon132435/ros2_ws/install/turtlesim/share/turtlesim/images/iron.png
[0.224s] -- Up-to-date: /home/jaylon132435/ros2_ws/install/turtlesim/share/turtlesim/images/rolling.png
[0.224s] -- Up-to-date: /home/jaylon132435/ros2_ws/install/turtlesim/share/turtlesim/images/ardent.png
[0.224s] -- Up-to-date: /home/jaylon132435/ros2_ws/install/turtlesim/share/turtlesim/images/eloquent.png
[0.224s] -- Up-to-date: /home/jaylon132435/ros2_ws/install/turtlesim/share/turtlesim/images/jazzy.png
[0.224s] -- Up-to-date: /home/jaylon132435/ros2_ws/install/turtlesim/share/turtlesim/images/humble.png
[0.224s] -- Up-to-date: /home/jaylon132435/ros2_ws/install/turtlesim/share/turtlesim/images/bouncy.png
[0.224s] -- Up-to-date: /home/jaylon132435/ros2_ws/install/turtlesim/share/turtlesim/images/dashing.png
[0.224s] -- Up-to-date: /home/jaylon132435/ros2_ws/install/turtlesim/share/turtlesim/launch
[0.225s] -- Up-to-date: /home/jaylon132435/ros2_ws/install/turtlesim/share/turtlesim/launch/multisim.launch.py
[0.225s] -- Up-to-date: /home/jaylon132435/ros2_ws/install/turtlesim/share/ament_index/resource_index/package_run_dependencies/turtlesim
[0.225s] -- Up-to-date: /home/jaylon132435/ros2_ws/install/turtlesim/share/ament_index/resource_index/parent_prefix_path/turtlesim
[0.225s] -- Up-to-date: /home/jaylon132435/ros2_ws/install/turtlesim/share/turtlesim/environment/ament_prefix_path.sh
[0.225s] -- Up-to-date: /home/jaylon132435/ros2_ws/install/turtlesim/share/turtlesim/environment/ament_prefix_path.dsv
[0.225s] -- Up-to-date: /home/jaylon132435/ros2_ws/install/turtlesim/share/turtlesim/environment/path.sh
[0.225s] -- Up-to-date: /home/jaylon132435/ros2_ws/install/turtlesim/share/turtlesim/environment/path.dsv
[0.225s] -- Up-to-date: /home/jaylon132435/ros2_ws/install/turtlesim/share/turtlesim/local_setup.bash
[0.225s] -- Up-to-date: /home/jaylon132435/ros2_ws/install/turtlesim/share/turtlesim/local_setup.sh
[0.225s] -- Up-to-date: /home/jaylon132435/ros2_ws/install/turtlesim/share/turtlesim/local_setup.zsh
[0.226s] -- Up-to-date: /home/jaylon132435/ros2_ws/install/turtlesim/share/turtlesim/local_setup.dsv
[0.226s] -- Installing: /home/jaylon132435/ros2_ws/install/turtlesim/share/turtlesim/package.dsv
[0.226s] -- Up-to-date: /home/jaylon132435/ros2_ws/install/turtlesim/share/ament_index/resource_index/packages/turtlesim
[0.226s] -- Up-to-date: /home/jaylon132435/ros2_ws/install/turtlesim/share/turtlesim/cmake/turtlesimConfig.cmake
[0.226s] -- Up-to-date: /home/jaylon132435/ros2_ws/install/turtlesim/share/turtlesim/cmake/turtlesimConfig-version.cmake
[0.226s] -- Up-to-date: /home/jaylon132435/ros2_ws/install/turtlesim/share/turtlesim/package.xml
[0.228s] Invoked command in '/home/jaylon132435/ros2_ws/build/turtlesim' returned '0': CMAKE_PREFIX_PATH=/home/jaylon132435/ros2_ws/install/turtlesim_msgs:/home/jaylon132435/ros2_ws/install/turtlesim:/opt/ros/rolling/opt/sdformat_vendor:/opt/ros/rolling/opt/gz_math_vendor:/opt/ros/rolling/opt/gz_utils_vendor:/opt/ros/rolling/opt/gz_tools_vendor:/opt/ros/rolling/opt/gz_cmake_vendor:/opt/ros/rolling DEBUGINFOD_URLS=https://debuginfod.ubuntu.com /usr/bin/cmake --install /home/jaylon132435/ros2_ws/build/turtlesim
