[1.211s] Invoking command in '/home/jaylon132435/ros2_ws/build/hw1': DEBUGINFOD_URLS=https://debuginfod.ubuntu.com PYTHONPATH=/home/jaylon132435/ros2_ws/build/hw1/prefix_override:/usr/lib/python3/dist-packages/colcon_core/task/python/colcon_distutils_commands:/home/jaylon132435/ros2_ws/install/hw1/lib/python3.12/site-packages:${PYTHONPATH} /usr/bin/python3 -W ignore:setup.py install is deprecated -W ignore:easy_install command is deprecated setup.py develop --editable --build-directory /home/jaylon132435/ros2_ws/build/hw1/build --no-deps symlink_data
[1.670s] running develop
[1.957s] running egg_info
[1.982s] writing hw1.egg-info/PKG-INFO
[1.983s] writing dependency_links to hw1.egg-info/dependency_links.txt
[1.988s] writing entry points to hw1.egg-info/entry_points.txt
[1.989s] writing requirements to hw1.egg-info/requires.txt
[1.989s] writing top-level names to hw1.egg-info/top_level.txt
[2.049s] reading manifest file 'hw1.egg-info/SOURCES.txt'
[2.050s] writing manifest file 'hw1.egg-info/SOURCES.txt'
[2.078s] running build_ext
[2.079s] Creating /home/jaylon132435/ros2_ws/install/hw1/lib/python3.12/site-packages/hw1.egg-link (link to .)
[2.079s] Installing circle script to /home/jaylon132435/ros2_ws/install/hw1/lib/hw1
[2.080s] Installing diamond script to /home/jaylon132435/ros2_ws/install/hw1/lib/hw1
[2.080s] Installing random script to /home/jaylon132435/ros2_ws/install/hw1/lib/hw1
[2.080s] Installing rectangle script to /home/jaylon132435/ros2_ws/install/hw1/lib/hw1
[2.080s] 
[2.080s] Installed /home/jaylon132435/ros2_ws/build/hw1
[2.081s] running symlink_data
[2.177s] Invoked command in '/home/jaylon132435/ros2_ws/build/hw1' returned '0': DEBUGINFOD_URLS=https://debuginfod.ubuntu.com PYTHONPATH=/home/jaylon132435/ros2_ws/build/hw1/prefix_override:/usr/lib/python3/dist-packages/colcon_core/task/python/colcon_distutils_commands:/home/jaylon132435/ros2_ws/install/hw1/lib/python3.12/site-packages:${PYTHONPATH} /usr/bin/python3 -W ignore:setup.py install is deprecated -W ignore:easy_install command is deprecated setup.py develop --editable --build-directory /home/jaylon132435/ros2_ws/build/hw1/build --no-deps symlink_data
