-- The C compiler identification is GNU 13.3.0
-- The CXX compiler identification is GNU 13.3.0
-- Detecting C compiler ABI info
-- Detecting C compiler ABI info - done
-- Check for working C compiler: /usr/bin/cc - skipped
-- Detecting C compile features
-- Detecting C compile features - done
-- Detecting CXX compiler ABI info
-- Detecting CXX compiler ABI info - done
-- Check for working CXX compiler: /usr/bin/c++ - skipped
-- Detecting CXX compile features
-- Detecting CXX compile features - done
-- Found ament_cmake: 2.8.4 (/opt/ros/rolling/share/ament_cmake/cmake)
-- Found Python3: /usr/bin/python3 (found version "3.12.3") found components: Interpreter 
-- Found ament_index_cpp: 1.12.1 (/opt/ros/rolling/share/ament_index_cpp/cmake)
-- Found geometry_msgs: 5.8.2 (/opt/ros/rolling/share/geometry_msgs/cmake)
-- Found rosidl_generator_c: 5.0.1 (/opt/ros/rolling/share/rosidl_generator_c/cmake)
-- Found rosidl_generator_cpp: 5.0.1 (/opt/ros/rolling/share/rosidl_generator_cpp/cmake)
-- Using all available rosidl_typesupport_c: rosidl_typesupport_fastrtps_c;rosidl_typesupport_introspection_c
-- Using all available rosidl_typesupport_cpp: rosidl_typesupport_fastrtps_cpp;rosidl_typesupport_introspection_cpp
-- Found rclcpp: 30.1.0 (/opt/ros/rolling/share/rclcpp/cmake)
-- Found rmw_implementation_cmake: 7.9.0 (/opt/ros/rolling/share/rmw_implementation_cmake/cmake)
-- Found rmw_fastrtps_cpp: 9.4.2 (/opt/ros/rolling/share/rmw_fastrtps_cpp/cmake)
-- Found OpenSSL: /usr/lib/aarch64-linux-gnu/libcrypto.so (found version "3.0.13")  
-- Using RMW implementation 'rmw_fastrtps_cpp' as default
-- Found rclcpp_action: 30.1.0 (/opt/ros/rolling/share/rclcpp_action/cmake)
-- Found std_srvs: 5.8.2 (/opt/ros/rolling/share/std_srvs/cmake)
-- Found turtlesim_msgs: 1.10.1 (/home/jaylon132435/ros2_ws/install/turtlesim_msgs/share/turtlesim_msgs/cmake)
-- Found ament_lint_auto: 0.20.2 (/opt/ros/rolling/share/ament_lint_auto/cmake)
-- Added test 'copyright' to check source files copyright and LICENSE
-- Added test 'cppcheck' to perform static code analysis on C / C++ code
-- Configured cppcheck include dirs: $<BUILD_INTERFACE:/home/jaylon132435/ros2_ws/src/ros_tutorials/turtlesim/include>
-- Configured cppcheck exclude dirs and/or files: 
-- Added test 'cpplint' to check C / C++ code against the Google style
-- Configured cpplint exclude dirs and/or files: 
-- Added test 'flake8' to check Python code syntax and style conventions
-- Configured 'flake8' exclude dirs and/or files: 
-- Added test 'lint_cmake' to check CMake code style
-- Added test 'pep257' to check Python code against some of the docstring style conventions in PEP 257
-- Added test 'uncrustify' to check C / C++ code style
-- Configured uncrustify additional arguments: 
-- Added test 'xmllint' to check XML markup files
-- Configuring done (2.1s)
-- Generating done (0.0s)
-- Build files have been written to: /home/jaylon132435/ros2_ws/build/turtlesim
[  8%] [34m[1mGenerating include/turtlesim/moc_turtle_frame.cpp[0m
[ 25%] [32mBuilding CXX object CMakeFiles/mimic.dir/tutorials/mimic.cpp.o[0m
[ 25%] [32mBuilding CXX object CMakeFiles/draw_square.dir/tutorials/draw_square.cpp.o[0m
[ 33%] [32mBuilding CXX object CMakeFiles/turtle_teleop_key.dir/tutorials/teleop_turtle_key.cpp.o[0m
[ 41%] [32mBuilding CXX object CMakeFiles/turtlesim_node.dir/src/turtlesim.cpp.o[0m
[ 50%] [32mBuilding CXX object CMakeFiles/turtlesim_node.dir/src/turtle.cpp.o[0m
[ 58%] [32m[1mLinking CXX executable turtle_teleop_key[0m
[ 58%] Built target turtle_teleop_key
[ 66%] [32mBuilding CXX object CMakeFiles/turtlesim_node.dir/src/turtle_frame.cpp.o[0m
[ 75%] [32m[1mLinking CXX executable mimic[0m
[ 75%] Built target mimic
[ 83%] [32mBuilding CXX object CMakeFiles/turtlesim_node.dir/include/turtlesim/moc_turtle_frame.cpp.o[0m
[ 91%] [32m[1mLinking CXX executable draw_square[0m
[ 91%] Built target draw_square
[100%] [32m[1mLinking CXX executable turtlesim_node[0m
[100%] Built target turtlesim_node
-- Install configuration: ""
-- Installing: /home/jaylon132435/ros2_ws/install/turtlesim/lib/turtlesim/turtlesim_node
-- Set non-toolchain portion of runtime path of "/home/jaylon132435/ros2_ws/install/turtlesim/lib/turtlesim/turtlesim_node" to ""
-- Installing: /home/jaylon132435/ros2_ws/install/turtlesim/lib/turtlesim/turtle_teleop_key
-- Set non-toolchain portion of runtime path of "/home/jaylon132435/ros2_ws/install/turtlesim/lib/turtlesim/turtle_teleop_key" to ""
-- Installing: /home/jaylon132435/ros2_ws/install/turtlesim/lib/turtlesim/draw_square
-- Set non-toolchain portion of runtime path of "/home/jaylon132435/ros2_ws/install/turtlesim/lib/turtlesim/draw_square" to ""
-- Installing: /home/jaylon132435/ros2_ws/install/turtlesim/lib/turtlesim/mimic
-- Set non-toolchain portion of runtime path of "/home/jaylon132435/ros2_ws/install/turtlesim/lib/turtlesim/mimic" to ""
-- Installing: /home/jaylon132435/ros2_ws/install/turtlesim/share/turtlesim/images
-- Installing: /home/jaylon132435/ros2_ws/install/turtlesim/share/turtlesim/images/galactic.png
-- Installing: /home/jaylon132435/ros2_ws/install/turtlesim/share/turtlesim/images/crystal.png
-- Installing: /home/jaylon132435/ros2_ws/install/turtlesim/share/turtlesim/images/foxy.png
-- Installing: /home/jaylon132435/ros2_ws/install/turtlesim/share/turtlesim/images/kilted.png
-- Installing: /home/jaylon132435/ros2_ws/install/turtlesim/share/turtlesim/images/iron.png
-- Installing: /home/jaylon132435/ros2_ws/install/turtlesim/share/turtlesim/images/rolling.png
-- Installing: /home/jaylon132435/ros2_ws/install/turtlesim/share/turtlesim/images/ardent.png
-- Installing: /home/jaylon132435/ros2_ws/install/turtlesim/share/turtlesim/images/eloquent.png
-- Installing: /home/jaylon132435/ros2_ws/install/turtlesim/share/turtlesim/images/jazzy.png
-- Installing: /home/jaylon132435/ros2_ws/install/turtlesim/share/turtlesim/images/humble.png
-- Installing: /home/jaylon132435/ros2_ws/install/turtlesim/share/turtlesim/images/bouncy.png
-- Installing: /home/jaylon132435/ros2_ws/install/turtlesim/share/turtlesim/images/dashing.png
-- Installing: /home/jaylon132435/ros2_ws/install/turtlesim/share/turtlesim/launch
-- Installing: /home/jaylon132435/ros2_ws/install/turtlesim/share/turtlesim/launch/multisim.launch.py
-- Installing: /home/jaylon132435/ros2_ws/install/turtlesim/share/ament_index/resource_index/package_run_dependencies/turtlesim
-- Installing: /home/jaylon132435/ros2_ws/install/turtlesim/share/ament_index/resource_index/parent_prefix_path/turtlesim
-- Installing: /home/jaylon132435/ros2_ws/install/turtlesim/share/turtlesim/environment/ament_prefix_path.sh
-- Installing: /home/jaylon132435/ros2_ws/install/turtlesim/share/turtlesim/environment/ament_prefix_path.dsv
-- Installing: /home/jaylon132435/ros2_ws/install/turtlesim/share/turtlesim/environment/path.sh
-- Installing: /home/jaylon132435/ros2_ws/install/turtlesim/share/turtlesim/environment/path.dsv
-- Installing: /home/jaylon132435/ros2_ws/install/turtlesim/share/turtlesim/local_setup.bash
-- Installing: /home/jaylon132435/ros2_ws/install/turtlesim/share/turtlesim/local_setup.sh
-- Installing: /home/jaylon132435/ros2_ws/install/turtlesim/share/turtlesim/local_setup.zsh
-- Installing: /home/jaylon132435/ros2_ws/install/turtlesim/share/turtlesim/local_setup.dsv
-- Installing: /home/jaylon132435/ros2_ws/install/turtlesim/share/turtlesim/package.dsv
-- Installing: /home/jaylon132435/ros2_ws/install/turtlesim/share/ament_index/resource_index/packages/turtlesim
-- Installing: /home/jaylon132435/ros2_ws/install/turtlesim/share/turtlesim/cmake/turtlesimConfig.cmake
-- Installing: /home/jaylon132435/ros2_ws/install/turtlesim/share/turtlesim/cmake/turtlesimConfig-version.cmake
-- Installing: /home/jaylon132435/ros2_ws/install/turtlesim/share/turtlesim/package.xml
