[0.020s] Invoking command in '/home/jaylon132435/ros2_ws/build/turtlesim': AMENT_PREFIX_PATH=/home/jaylon132435/ros2_ws/install/turtlesim_msgs:${AMENT_PREFIX_PATH} CMAKE_PREFIX_PATH=/home/jaylon132435/ros2_ws/install/turtlesim_msgs:/opt/ros/rolling/opt/sdformat_vendor:/opt/ros/rolling/opt/gz_math_vendor:/opt/ros/rolling/opt/gz_utils_vendor:/opt/ros/rolling/opt/gz_tools_vendor:/opt/ros/rolling/opt/gz_cmake_vendor:/opt/ros/rolling DEBUGINFOD_URLS=https://debuginfod.ubuntu.com LD_LIBRARY_PATH=/home/jaylon132435/ros2_ws/install/turtlesim_msgs/lib:${LD_LIBRARY_PATH} PYTHONPATH=/home/jaylon132435/ros2_ws/install/turtlesim_msgs/lib/python3.12/site-packages:${PYTHONPATH} /usr/bin/cmake /home/jaylon132435/ros2_ws/src/ros_tutorials/turtlesim -DCMAKE_INSTALL_PREFIX=/home/jaylon132435/ros2_ws/install/turtlesim
[0.127s] -- The C compiler identification is GNU 13.3.0
[0.231s] -- The CXX compiler identification is GNU 13.3.0
[0.259s] -- Detecting C compiler ABI info
[0.430s] -- Detecting C compiler ABI info - done
[0.446s] -- Check for working C compiler: /usr/bin/cc - skipped
[0.446s] -- Detecting C compile features
[0.447s] -- Detecting C compile features - done
[0.465s] -- Detecting CXX compiler ABI info
[0.648s] -- Detecting CXX compiler ABI info - done
[0.665s] -- Check for working CXX compiler: /usr/bin/c++ - skipped
[0.665s] -- Detecting CXX compile features
[0.666s] -- Detecting CXX compile features - done
[0.670s] -- Found ament_cmake: 2.8.4 (/opt/ros/rolling/share/ament_cmake/cmake)
[0.895s] -- Found Python3: /usr/bin/python3 (found version "3.12.3") found components: Interpreter 
[1.063s] -- Found ament_index_cpp: 1.12.1 (/opt/ros/rolling/share/ament_index_cpp/cmake)
[1.069s] -- Found geometry_msgs: 5.8.2 (/opt/ros/rolling/share/geometry_msgs/cmake)
[1.121s] -- Found rosidl_generator_c: 5.0.1 (/opt/ros/rolling/share/rosidl_generator_c/cmake)
[1.134s] -- Found rosidl_generator_cpp: 5.0.1 (/opt/ros/rolling/share/rosidl_generator_cpp/cmake)
[1.151s] -- Using all available rosidl_typesupport_c: rosidl_typesupport_fastrtps_c;rosidl_typesupport_introspection_c
[1.172s] -- Using all available rosidl_typesupport_cpp: rosidl_typesupport_fastrtps_cpp;rosidl_typesupport_introspection_cpp
[1.308s] -- Found rclcpp: 30.1.0 (/opt/ros/rolling/share/rclcpp/cmake)
[1.429s] -- Found rmw_implementation_cmake: 7.9.0 (/opt/ros/rolling/share/rmw_implementation_cmake/cmake)
[1.436s] -- Found rmw_fastrtps_cpp: 9.4.2 (/opt/ros/rolling/share/rmw_fastrtps_cpp/cmake)
[1.628s] -- Found OpenSSL: /usr/lib/aarch64-linux-gnu/libcrypto.so (found version "3.0.13")  
[1.651s] -- Using RMW implementation 'rmw_fastrtps_cpp' as default
[1.801s] -- Found rclcpp_action: 30.1.0 (/opt/ros/rolling/share/rclcpp_action/cmake)
[1.874s] -- Found std_srvs: 5.8.2 (/opt/ros/rolling/share/std_srvs/cmake)
[1.905s] -- Found turtlesim_msgs: 1.10.1 (/home/jaylon132435/ros2_ws/install/turtlesim_msgs/share/turtlesim_msgs/cmake)
[1.940s] -- Found ament_lint_auto: 0.20.2 (/opt/ros/rolling/share/ament_lint_auto/cmake)
[2.144s] -- Added test 'copyright' to check source files copyright and LICENSE
[2.147s] -- Added test 'cppcheck' to perform static code analysis on C / C++ code
[2.148s] -- Configured cppcheck include dirs: $<BUILD_INTERFACE:/home/jaylon132435/ros2_ws/src/ros_tutorials/turtlesim/include>
[2.148s] -- Configured cppcheck exclude dirs and/or files: 
[2.151s] -- Added test 'cpplint' to check C / C++ code against the Google style
[2.151s] -- Configured cpplint exclude dirs and/or files: 
[2.152s] -- Added test 'flake8' to check Python code syntax and style conventions
[2.152s] -- Configured 'flake8' exclude dirs and/or files: 
[2.154s] -- Added test 'lint_cmake' to check CMake code style
[2.155s] -- Added test 'pep257' to check Python code against some of the docstring style conventions in PEP 257
[2.159s] -- Added test 'uncrustify' to check C / C++ code style
[2.159s] -- Configured uncrustify additional arguments: 
[2.161s] -- Added test 'xmllint' to check XML markup files
[2.166s] -- Configuring done (2.1s)
[2.217s] -- Generating done (0.0s)
[2.231s] -- Build files have been written to: /home/jaylon132435/ros2_ws/build/turtlesim
[2.252s] Invoked command in '/home/jaylon132435/ros2_ws/build/turtlesim' returned '0': AMENT_PREFIX_PATH=/home/jaylon132435/ros2_ws/install/turtlesim_msgs:${AMENT_PREFIX_PATH} CMAKE_PREFIX_PATH=/home/jaylon132435/ros2_ws/install/turtlesim_msgs:/opt/ros/rolling/opt/sdformat_vendor:/opt/ros/rolling/opt/gz_math_vendor:/opt/ros/rolling/opt/gz_utils_vendor:/opt/ros/rolling/opt/gz_tools_vendor:/opt/ros/rolling/opt/gz_cmake_vendor:/opt/ros/rolling DEBUGINFOD_URLS=https://debuginfod.ubuntu.com LD_LIBRARY_PATH=/home/jaylon132435/ros2_ws/install/turtlesim_msgs/lib:${LD_LIBRARY_PATH} PYTHONPATH=/home/jaylon132435/ros2_ws/install/turtlesim_msgs/lib/python3.12/site-packages:${PYTHONPATH} /usr/bin/cmake /home/jaylon132435/ros2_ws/src/ros_tutorials/turtlesim -DCMAKE_INSTALL_PREFIX=/home/jaylon132435/ros2_ws/install/turtlesim
[2.254s] Invoking command in '/home/jaylon132435/ros2_ws/build/turtlesim': AMENT_PREFIX_PATH=/home/jaylon132435/ros2_ws/install/turtlesim_msgs:${AMENT_PREFIX_PATH} CMAKE_PREFIX_PATH=/home/jaylon132435/ros2_ws/install/turtlesim_msgs:/opt/ros/rolling/opt/sdformat_vendor:/opt/ros/rolling/opt/gz_math_vendor:/opt/ros/rolling/opt/gz_utils_vendor:/opt/ros/rolling/opt/gz_tools_vendor:/opt/ros/rolling/opt/gz_cmake_vendor:/opt/ros/rolling DEBUGINFOD_URLS=https://debuginfod.ubuntu.com LD_LIBRARY_PATH=/home/jaylon132435/ros2_ws/install/turtlesim_msgs/lib:${LD_LIBRARY_PATH} PYTHONPATH=/home/jaylon132435/ros2_ws/install/turtlesim_msgs/lib/python3.12/site-packages:${PYTHONPATH} /usr/bin/cmake --build /home/jaylon132435/ros2_ws/build/turtlesim -- -j4 -l4
[2.337s] [  8%] [34m[1mGenerating include/turtlesim/moc_turtle_frame.cpp[0m
[2.357s] [ 25%] [32mBuilding CXX object CMakeFiles/mimic.dir/tutorials/mimic.cpp.o[0m
[2.357s] [ 25%] [32mBuilding CXX object CMakeFiles/draw_square.dir/tutorials/draw_square.cpp.o[0m
[2.361s] [ 33%] [32mBuilding CXX object CMakeFiles/turtle_teleop_key.dir/tutorials/teleop_turtle_key.cpp.o[0m
[2.402s] [ 41%] [32mBuilding CXX object CMakeFiles/turtlesim_node.dir/src/turtlesim.cpp.o[0m
[13.556s] [ 50%] [32mBuilding CXX object CMakeFiles/turtlesim_node.dir/src/turtle.cpp.o[0m
[16.789s] [ 58%] [32m[1mLinking CXX executable turtle_teleop_key[0m
[17.837s] [ 58%] Built target turtle_teleop_key
[17.868s] [ 66%] [32mBuilding CXX object CMakeFiles/turtlesim_node.dir/src/turtle_frame.cpp.o[0m
[22.935s] [ 75%] [32m[1mLinking CXX executable mimic[0m
[24.205s] [ 75%] Built target mimic
[24.237s] [ 83%] [32mBuilding CXX object CMakeFiles/turtlesim_node.dir/include/turtlesim/moc_turtle_frame.cpp.o[0m
[25.863s] [ 91%] [32m[1mLinking CXX executable draw_square[0m
[27.368s] [ 91%] Built target draw_square
[42.237s] [100%] [32m[1mLinking CXX executable turtlesim_node[0m
[47.756s] [100%] Built target turtlesim_node
[47.778s] Invoked command in '/home/jaylon132435/ros2_ws/build/turtlesim' returned '0': AMENT_PREFIX_PATH=/home/jaylon132435/ros2_ws/install/turtlesim_msgs:${AMENT_PREFIX_PATH} CMAKE_PREFIX_PATH=/home/jaylon132435/ros2_ws/install/turtlesim_msgs:/opt/ros/rolling/opt/sdformat_vendor:/opt/ros/rolling/opt/gz_math_vendor:/opt/ros/rolling/opt/gz_utils_vendor:/opt/ros/rolling/opt/gz_tools_vendor:/opt/ros/rolling/opt/gz_cmake_vendor:/opt/ros/rolling DEBUGINFOD_URLS=https://debuginfod.ubuntu.com LD_LIBRARY_PATH=/home/jaylon132435/ros2_ws/install/turtlesim_msgs/lib:${LD_LIBRARY_PATH} PYTHONPATH=/home/jaylon132435/ros2_ws/install/turtlesim_msgs/lib/python3.12/site-packages:${PYTHONPATH} /usr/bin/cmake --build /home/jaylon132435/ros2_ws/build/turtlesim -- -j4 -l4
[47.781s] Invoking command in '/home/jaylon132435/ros2_ws/build/turtlesim': AMENT_PREFIX_PATH=/home/jaylon132435/ros2_ws/install/turtlesim_msgs:${AMENT_PREFIX_PATH} CMAKE_PREFIX_PATH=/home/jaylon132435/ros2_ws/install/turtlesim_msgs:/opt/ros/rolling/opt/sdformat_vendor:/opt/ros/rolling/opt/gz_math_vendor:/opt/ros/rolling/opt/gz_utils_vendor:/opt/ros/rolling/opt/gz_tools_vendor:/opt/ros/rolling/opt/gz_cmake_vendor:/opt/ros/rolling DEBUGINFOD_URLS=https://debuginfod.ubuntu.com LD_LIBRARY_PATH=/home/jaylon132435/ros2_ws/install/turtlesim_msgs/lib:${LD_LIBRARY_PATH} PYTHONPATH=/home/jaylon132435/ros2_ws/install/turtlesim_msgs/lib/python3.12/site-packages:${PYTHONPATH} /usr/bin/cmake --install /home/jaylon132435/ros2_ws/build/turtlesim
[47.798s] -- Install configuration: ""
[47.798s] -- Installing: /home/jaylon132435/ros2_ws/install/turtlesim/lib/turtlesim/turtlesim_node
[47.822s] -- Set non-toolchain portion of runtime path of "/home/jaylon132435/ros2_ws/install/turtlesim/lib/turtlesim/turtlesim_node" to ""
[47.822s] -- Installing: /home/jaylon132435/ros2_ws/install/turtlesim/lib/turtlesim/turtle_teleop_key
[47.826s] -- Set non-toolchain portion of runtime path of "/home/jaylon132435/ros2_ws/install/turtlesim/lib/turtlesim/turtle_teleop_key" to ""
[47.826s] -- Installing: /home/jaylon132435/ros2_ws/install/turtlesim/lib/turtlesim/draw_square
[47.837s] -- Set non-toolchain portion of runtime path of "/home/jaylon132435/ros2_ws/install/turtlesim/lib/turtlesim/draw_square" to ""
[47.837s] -- Installing: /home/jaylon132435/ros2_ws/install/turtlesim/lib/turtlesim/mimic
[47.846s] -- Set non-toolchain portion of runtime path of "/home/jaylon132435/ros2_ws/install/turtlesim/lib/turtlesim/mimic" to ""
[47.846s] -- Installing: /home/jaylon132435/ros2_ws/install/turtlesim/share/turtlesim/images
[47.846s] -- Installing: /home/jaylon132435/ros2_ws/install/turtlesim/share/turtlesim/images/galactic.png
[47.846s] -- Installing: /home/jaylon132435/ros2_ws/install/turtlesim/share/turtlesim/images/crystal.png
[47.846s] -- Installing: /home/jaylon132435/ros2_ws/install/turtlesim/share/turtlesim/images/foxy.png
[47.847s] -- Installing: /home/jaylon132435/ros2_ws/install/turtlesim/share/turtlesim/images/kilted.png
[47.847s] -- Installing: /home/jaylon132435/ros2_ws/install/turtlesim/share/turtlesim/images/iron.png
[47.847s] -- Installing: /home/jaylon132435/ros2_ws/install/turtlesim/share/turtlesim/images/rolling.png
[47.847s] -- Installing: /home/jaylon132435/ros2_ws/install/turtlesim/share/turtlesim/images/ardent.png
[47.847s] -- Installing: /home/jaylon132435/ros2_ws/install/turtlesim/share/turtlesim/images/eloquent.png
[47.847s] -- Installing: /home/jaylon132435/ros2_ws/install/turtlesim/share/turtlesim/images/jazzy.png
[47.847s] -- Installing: /home/jaylon132435/ros2_ws/install/turtlesim/share/turtlesim/images/humble.png
[47.848s] -- Installing: /home/jaylon132435/ros2_ws/install/turtlesim/share/turtlesim/images/bouncy.png
[47.848s] -- Installing: /home/jaylon132435/ros2_ws/install/turtlesim/share/turtlesim/images/dashing.png
[47.848s] -- Installing: /home/jaylon132435/ros2_ws/install/turtlesim/share/turtlesim/launch
[47.848s] -- Installing: /home/jaylon132435/ros2_ws/install/turtlesim/share/turtlesim/launch/multisim.launch.py
[47.848s] -- Installing: /home/jaylon132435/ros2_ws/install/turtlesim/share/ament_index/resource_index/package_run_dependencies/turtlesim
[47.849s] -- Installing: /home/jaylon132435/ros2_ws/install/turtlesim/share/ament_index/resource_index/parent_prefix_path/turtlesim
[47.849s] -- Installing: /home/jaylon132435/ros2_ws/install/turtlesim/share/turtlesim/environment/ament_prefix_path.sh
[47.849s] -- Installing: /home/jaylon132435/ros2_ws/install/turtlesim/share/turtlesim/environment/ament_prefix_path.dsv
[47.849s] -- Installing: /home/jaylon132435/ros2_ws/install/turtlesim/share/turtlesim/environment/path.sh
[47.849s] -- Installing: /home/jaylon132435/ros2_ws/install/turtlesim/share/turtlesim/environment/path.dsv
[47.849s] -- Installing: /home/jaylon132435/ros2_ws/install/turtlesim/share/turtlesim/local_setup.bash
[47.850s] -- Installing: /home/jaylon132435/ros2_ws/install/turtlesim/share/turtlesim/local_setup.sh
[47.850s] -- Installing: /home/jaylon132435/ros2_ws/install/turtlesim/share/turtlesim/local_setup.zsh
[47.850s] -- Installing: /home/jaylon132435/ros2_ws/install/turtlesim/share/turtlesim/local_setup.dsv
[47.850s] -- Installing: /home/jaylon132435/ros2_ws/install/turtlesim/share/turtlesim/package.dsv
[47.850s] -- Installing: /home/jaylon132435/ros2_ws/install/turtlesim/share/ament_index/resource_index/packages/turtlesim
[47.850s] -- Installing: /home/jaylon132435/ros2_ws/install/turtlesim/share/turtlesim/cmake/turtlesimConfig.cmake
[47.851s] -- Installing: /home/jaylon132435/ros2_ws/install/turtlesim/share/turtlesim/cmake/turtlesimConfig-version.cmake
[47.851s] -- Installing: /home/jaylon132435/ros2_ws/install/turtlesim/share/turtlesim/package.xml
[47.854s] Invoked command in '/home/jaylon132435/ros2_ws/build/turtlesim' returned '0': AMENT_PREFIX_PATH=/home/jaylon132435/ros2_ws/install/turtlesim_msgs:${AMENT_PREFIX_PATH} CMAKE_PREFIX_PATH=/home/jaylon132435/ros2_ws/install/turtlesim_msgs:/opt/ros/rolling/opt/sdformat_vendor:/opt/ros/rolling/opt/gz_math_vendor:/opt/ros/rolling/opt/gz_utils_vendor:/opt/ros/rolling/opt/gz_tools_vendor:/opt/ros/rolling/opt/gz_cmake_vendor:/opt/ros/rolling DEBUGINFOD_URLS=https://debuginfod.ubuntu.com LD_LIBRARY_PATH=/home/jaylon132435/ros2_ws/install/turtlesim_msgs/lib:${LD_LIBRARY_PATH} PYTHONPATH=/home/jaylon132435/ros2_ws/install/turtlesim_msgs/lib/python3.12/site-packages:${PYTHONPATH} /usr/bin/cmake --install /home/jaylon132435/ros2_ws/build/turtlesim
